0 info it worked if it ends with ok
1 verbose cli [ '/usr/bin/nodejs', '/usr/bin/npm', 'install', 'gulp-concat' ]
2 info using npm@3.10.8
3 info using node@v6.9.1
4 silly loadCurrentTree Starting
5 silly install loadCurrentTree
6 silly install readLocalPackageData
7 silly fetchPackageMetaData gulp-concat@^2.2.0
8 silly fetchNamedPackageData gulp-concat
9 silly mapToRegistry name gulp-concat
10 silly mapToRegistry using default registry
11 silly mapToRegistry registry https://registry.npmjs.org/
12 silly mapToRegistry data Result {
12 silly mapToRegistry   raw: 'gulp-concat',
12 silly mapToRegistry   scope: null,
12 silly mapToRegistry   escapedName: 'gulp-concat',
12 silly mapToRegistry   name: 'gulp-concat',
12 silly mapToRegistry   rawSpec: '',
12 silly mapToRegistry   spec: 'latest',
12 silly mapToRegistry   type: 'tag' }
13 silly mapToRegistry uri https://registry.npmjs.org/gulp-concat
14 verbose request uri https://registry.npmjs.org/gulp-concat
15 verbose request no auth needed
16 info attempt registry request try #1 at 12:55:39 PM
17 verbose request id e8b54007e81dc7f4
18 verbose etag "QVHLF6SJHN8HHTCOJ8SLFT15"
19 http request GET https://registry.npmjs.org/gulp-concat
20 http 304 https://registry.npmjs.org/gulp-concat
21 verbose headers { date: 'Wed, 02 Nov 2016 12:55:41 GMT',
21 verbose headers   via: '1.1 varnish',
21 verbose headers   'cache-control': 'max-age=300',
21 verbose headers   etag: '"QVHLF6SJHN8HHTCOJ8SLFT15"',
21 verbose headers   age: '57',
21 verbose headers   connection: 'keep-alive',
21 verbose headers   'x-served-by': 'cache-cdg8726-CDG',
21 verbose headers   'x-cache': 'HIT',
21 verbose headers   'x-cache-hits': '2',
21 verbose headers   'x-timer': 'S1478091341.316071,VS0,VE0',
21 verbose headers   vary: 'Accept-Encoding' }
22 silly get cb [ 304,
22 silly get   { date: 'Wed, 02 Nov 2016 12:55:41 GMT',
22 silly get     via: '1.1 varnish',
22 silly get     'cache-control': 'max-age=300',
22 silly get     etag: '"QVHLF6SJHN8HHTCOJ8SLFT15"',
22 silly get     age: '57',
22 silly get     connection: 'keep-alive',
22 silly get     'x-served-by': 'cache-cdg8726-CDG',
22 silly get     'x-cache': 'HIT',
22 silly get     'x-cache-hits': '2',
22 silly get     'x-timer': 'S1478091341.316071,VS0,VE0',
22 silly get     vary: 'Accept-Encoding' } ]
23 verbose etag https://registry.npmjs.org/gulp-concat from cache
24 verbose get saving gulp-concat to /home/pancakemutiny/.npm/registry.npmjs.org/gulp-concat/.cache.json
25 verbose correctMkdir /home/pancakemutiny/.npm correctMkdir not in flight; initializing
26 silly install normalizeTree
27 silly loadCurrentTree Finishing
28 silly loadIdealTree Starting
29 silly install loadIdealTree
30 silly cloneCurrentTree Starting
31 silly install cloneCurrentTreeToIdealTree
32 silly cloneCurrentTree Finishing
33 silly loadShrinkwrap Starting
34 silly install loadShrinkwrap
35 silly loadShrinkwrap Finishing
36 silly loadAllDepsIntoIdealTree Starting
37 silly install loadAllDepsIntoIdealTree
38 silly resolveWithNewModule gulp-concat@2.6.0 checking installable status
39 silly cache add args [ 'gulp-concat@^2.2.0', null ]
40 verbose cache add spec gulp-concat@^2.2.0
41 silly cache add parsed spec Result {
41 silly cache add   raw: 'gulp-concat@^2.2.0',
41 silly cache add   scope: null,
41 silly cache add   escapedName: 'gulp-concat',
41 silly cache add   name: 'gulp-concat',
41 silly cache add   rawSpec: '^2.2.0',
41 silly cache add   spec: '>=2.2.0 <3.0.0',
41 silly cache add   type: 'range' }
42 silly addNamed gulp-concat@>=2.2.0 <3.0.0
43 verbose addNamed ">=2.2.0 <3.0.0" is a valid semver range for gulp-concat
44 silly addNameRange { name: 'gulp-concat', range: '>=2.2.0 <3.0.0', hasData: false }
45 silly mapToRegistry name gulp-concat
46 silly mapToRegistry using default registry
47 silly mapToRegistry registry https://registry.npmjs.org/
48 silly mapToRegistry data Result {
48 silly mapToRegistry   raw: 'gulp-concat',
48 silly mapToRegistry   scope: null,
48 silly mapToRegistry   escapedName: 'gulp-concat',
48 silly mapToRegistry   name: 'gulp-concat',
48 silly mapToRegistry   rawSpec: '',
48 silly mapToRegistry   spec: 'latest',
48 silly mapToRegistry   type: 'tag' }
49 silly mapToRegistry uri https://registry.npmjs.org/gulp-concat
50 verbose addNameRange registry:https://registry.npmjs.org/gulp-concat not in flight; fetching
51 verbose get https://registry.npmjs.org/gulp-concat not expired, no request
52 silly addNameRange number 2 { name: 'gulp-concat', range: '>=2.2.0 <3.0.0', hasData: true }
53 silly addNameRange versions [ 'gulp-concat',
53 silly addNameRange   [ '0.0.1',
53 silly addNameRange     '1.0.0',
53 silly addNameRange     '1.1.0',
53 silly addNameRange     '2.0.0',
53 silly addNameRange     '2.1.0',
53 silly addNameRange     '2.1.1',
53 silly addNameRange     '2.1.2',
53 silly addNameRange     '2.1.3',
53 silly addNameRange     '2.1.4',
53 silly addNameRange     '2.1.5',
53 silly addNameRange     '2.1.6',
53 silly addNameRange     '2.1.7',
53 silly addNameRange     '2.2.0',
53 silly addNameRange     '2.3.0',
53 silly addNameRange     '2.3.3',
53 silly addNameRange     '2.3.4',
53 silly addNameRange     '2.3.5',
53 silly addNameRange     '2.4.0',
53 silly addNameRange     '2.4.1',
53 silly addNameRange     '2.4.2',
53 silly addNameRange     '2.4.3',
53 silly addNameRange     '2.5.0',
53 silly addNameRange     '2.5.1',
53 silly addNameRange     '2.5.2',
53 silly addNameRange     '2.6.0' ] ]
54 silly addNamed gulp-concat@2.6.0
55 verbose addNamed "2.6.0" is a plain semver version for gulp-concat
56 silly cache afterAdd gulp-concat@2.6.0
57 verbose afterAdd /home/pancakemutiny/.npm/gulp-concat/2.6.0/package/package.json not in flight; writing
58 verbose correctMkdir /home/pancakemutiny/.npm correctMkdir not in flight; initializing
59 verbose afterAdd /home/pancakemutiny/.npm/gulp-concat/2.6.0/package/package.json written
60 silly fetchNamedPackageData through2
61 silly mapToRegistry name through2
62 silly mapToRegistry using default registry
63 silly mapToRegistry registry https://registry.npmjs.org/
64 silly mapToRegistry data Result {
64 silly mapToRegistry   raw: 'through2',
64 silly mapToRegistry   scope: null,
64 silly mapToRegistry   escapedName: 'through2',
64 silly mapToRegistry   name: 'through2',
64 silly mapToRegistry   rawSpec: '',
64 silly mapToRegistry   spec: 'latest',
64 silly mapToRegistry   type: 'tag' }
65 silly mapToRegistry uri https://registry.npmjs.org/through2
66 verbose request uri https://registry.npmjs.org/through2
67 verbose request no auth needed
68 info attempt registry request try #1 at 12:55:40 PM
69 verbose etag "83X60SFJM49Z2JWJS6M7JQ7O7"
70 http request GET https://registry.npmjs.org/through2
71 http 304 https://registry.npmjs.org/through2
72 verbose headers { date: 'Wed, 02 Nov 2016 12:55:42 GMT',
72 verbose headers   via: '1.1 varnish',
72 verbose headers   'cache-control': 'max-age=300',
72 verbose headers   etag: '"83X60SFJM49Z2JWJS6M7JQ7O7"',
72 verbose headers   age: '91',
72 verbose headers   connection: 'keep-alive',
72 verbose headers   'x-served-by': 'cache-cdg8726-CDG',
72 verbose headers   'x-cache': 'HIT',
72 verbose headers   'x-cache-hits': '6',
72 verbose headers   'x-timer': 'S1478091342.061370,VS0,VE0',
72 verbose headers   vary: 'Accept-Encoding' }
73 silly get cb [ 304,
73 silly get   { date: 'Wed, 02 Nov 2016 12:55:42 GMT',
73 silly get     via: '1.1 varnish',
73 silly get     'cache-control': 'max-age=300',
73 silly get     etag: '"83X60SFJM49Z2JWJS6M7JQ7O7"',
73 silly get     age: '91',
73 silly get     connection: 'keep-alive',
73 silly get     'x-served-by': 'cache-cdg8726-CDG',
73 silly get     'x-cache': 'HIT',
73 silly get     'x-cache-hits': '6',
73 silly get     'x-timer': 'S1478091342.061370,VS0,VE0',
73 silly get     vary: 'Accept-Encoding' } ]
74 verbose etag https://registry.npmjs.org/through2 from cache
75 verbose get saving through2 to /home/pancakemutiny/.npm/registry.npmjs.org/through2/.cache.json
76 verbose correctMkdir /home/pancakemutiny/.npm correctMkdir not in flight; initializing
77 silly resolveWithNewModule through2@0.6.5 checking installable status
78 silly cache add args [ 'through2@^0.6.3', null ]
79 verbose cache add spec through2@^0.6.3
80 silly cache add parsed spec Result {
80 silly cache add   raw: 'through2@^0.6.3',
80 silly cache add   scope: null,
80 silly cache add   escapedName: 'through2',
80 silly cache add   name: 'through2',
80 silly cache add   rawSpec: '^0.6.3',
80 silly cache add   spec: '>=0.6.3 <0.7.0',
80 silly cache add   type: 'range' }
81 silly addNamed through2@>=0.6.3 <0.7.0
82 verbose addNamed ">=0.6.3 <0.7.0" is a valid semver range for through2
83 silly addNameRange { name: 'through2', range: '>=0.6.3 <0.7.0', hasData: false }
84 silly mapToRegistry name through2
85 silly mapToRegistry using default registry
86 silly mapToRegistry registry https://registry.npmjs.org/
87 silly mapToRegistry data Result {
87 silly mapToRegistry   raw: 'through2',
87 silly mapToRegistry   scope: null,
87 silly mapToRegistry   escapedName: 'through2',
87 silly mapToRegistry   name: 'through2',
87 silly mapToRegistry   rawSpec: '',
87 silly mapToRegistry   spec: 'latest',
87 silly mapToRegistry   type: 'tag' }
88 silly mapToRegistry uri https://registry.npmjs.org/through2
89 verbose addNameRange registry:https://registry.npmjs.org/through2 not in flight; fetching
90 verbose get https://registry.npmjs.org/through2 not expired, no request
91 silly addNameRange number 2 { name: 'through2', range: '>=0.6.3 <0.7.0', hasData: true }
92 silly addNameRange versions [ 'through2',
92 silly addNameRange   [ '0.0.0',
92 silly addNameRange     '0.0.1',
92 silly addNameRange     '0.0.2',
92 silly addNameRange     '0.0.3',
92 silly addNameRange     '0.0.4',
92 silly addNameRange     '0.0.5',
92 silly addNameRange     '0.1.0',
92 silly addNameRange     '0.2.0',
92 silly addNameRange     '0.2.1',
92 silly addNameRange     '0.2.2',
92 silly addNameRange     '0.2.3',
92 silly addNameRange     '0.3.0',
92 silly addNameRange     '0.4.0',
92 silly addNameRange     '0.4.1',
92 silly addNameRange     '1.0.0',
92 silly addNameRange     '0.4.2',
92 silly addNameRange     '0.5.0',
92 silly addNameRange     '0.5.1',
92 silly addNameRange     '0.6.0',
92 silly addNameRange     '1.1.0',
92 silly addNameRange     '0.6.1',
92 silly addNameRange     '1.1.1',
92 silly addNameRange     '0.6.2',
92 silly addNameRange     '0.6.3',
92 silly addNameRange     '0.6.4',
92 silly addNameRange     '0.6.5',
92 silly addNameRange     '2.0.0',
92 silly addNameRange     '2.0.1' ] ]
93 silly addNamed through2@0.6.5
94 verbose addNamed "0.6.5" is a plain semver version for through2
95 silly cache afterAdd through2@0.6.5
96 verbose afterAdd /home/pancakemutiny/.npm/through2/0.6.5/package/package.json not in flight; writing
97 verbose correctMkdir /home/pancakemutiny/.npm correctMkdir not in flight; initializing
98 verbose afterAdd /home/pancakemutiny/.npm/through2/0.6.5/package/package.json written
99 silly fetchNamedPackageData readable-stream
100 silly mapToRegistry name readable-stream
101 silly mapToRegistry using default registry
102 silly mapToRegistry registry https://registry.npmjs.org/
103 silly mapToRegistry data Result {
103 silly mapToRegistry   raw: 'readable-stream',
103 silly mapToRegistry   scope: null,
103 silly mapToRegistry   escapedName: 'readable-stream',
103 silly mapToRegistry   name: 'readable-stream',
103 silly mapToRegistry   rawSpec: '',
103 silly mapToRegistry   spec: 'latest',
103 silly mapToRegistry   type: 'tag' }
104 silly mapToRegistry uri https://registry.npmjs.org/readable-stream
105 verbose request uri https://registry.npmjs.org/readable-stream
106 verbose request no auth needed
107 info attempt registry request try #1 at 12:55:40 PM
108 verbose etag "9954705MLXW4FI4L2L0OOJWZ2"
109 http request GET https://registry.npmjs.org/readable-stream
110 http 304 https://registry.npmjs.org/readable-stream
111 verbose headers { date: 'Wed, 02 Nov 2016 12:55:42 GMT',
111 verbose headers   via: '1.1 varnish',
111 verbose headers   'cache-control': 'max-age=300',
111 verbose headers   etag: '"9954705MLXW4FI4L2L0OOJWZ2"',
111 verbose headers   age: '234',
111 verbose headers   connection: 'keep-alive',
111 verbose headers   'x-served-by': 'cache-cdg8726-CDG',
111 verbose headers   'x-cache': 'HIT',
111 verbose headers   'x-cache-hits': '31',
111 verbose headers   'x-timer': 'S1478091342.178568,VS0,VE0',
111 verbose headers   vary: 'Accept-Encoding' }
112 silly get cb [ 304,
112 silly get   { date: 'Wed, 02 Nov 2016 12:55:42 GMT',
112 silly get     via: '1.1 varnish',
112 silly get     'cache-control': 'max-age=300',
112 silly get     etag: '"9954705MLXW4FI4L2L0OOJWZ2"',
112 silly get     age: '234',
112 silly get     connection: 'keep-alive',
112 silly get     'x-served-by': 'cache-cdg8726-CDG',
112 silly get     'x-cache': 'HIT',
112 silly get     'x-cache-hits': '31',
112 silly get     'x-timer': 'S1478091342.178568,VS0,VE0',
112 silly get     vary: 'Accept-Encoding' } ]
113 verbose etag https://registry.npmjs.org/readable-stream from cache
114 verbose get saving readable-stream to /home/pancakemutiny/.npm/registry.npmjs.org/readable-stream/.cache.json
115 verbose correctMkdir /home/pancakemutiny/.npm correctMkdir not in flight; initializing
116 silly resolveWithNewModule readable-stream@1.0.34 checking installable status
117 silly cache add args [ 'readable-stream@>=1.0.33-1 <1.1.0-0', null ]
118 verbose cache add spec readable-stream@>=1.0.33-1 <1.1.0-0
119 silly cache add parsed spec Result {
119 silly cache add   raw: 'readable-stream@>=1.0.33-1 <1.1.0-0',
119 silly cache add   scope: null,
119 silly cache add   escapedName: 'readable-stream',
119 silly cache add   name: 'readable-stream',
119 silly cache add   rawSpec: '>=1.0.33-1 <1.1.0-0',
119 silly cache add   spec: '>=1.0.33-1 <1.1.0-0',
119 silly cache add   type: 'range' }
120 silly addNamed readable-stream@>=1.0.33-1 <1.1.0-0
121 verbose addNamed ">=1.0.33-1 <1.1.0-0" is a valid semver range for readable-stream
122 silly addNameRange { name: 'readable-stream',
122 silly addNameRange   range: '>=1.0.33-1 <1.1.0-0',
122 silly addNameRange   hasData: false }
123 silly mapToRegistry name readable-stream
124 silly mapToRegistry using default registry
125 silly mapToRegistry registry https://registry.npmjs.org/
126 silly mapToRegistry data Result {
126 silly mapToRegistry   raw: 'readable-stream',
126 silly mapToRegistry   scope: null,
126 silly mapToRegistry   escapedName: 'readable-stream',
126 silly mapToRegistry   name: 'readable-stream',
126 silly mapToRegistry   rawSpec: '',
126 silly mapToRegistry   spec: 'latest',
126 silly mapToRegistry   type: 'tag' }
127 silly mapToRegistry uri https://registry.npmjs.org/readable-stream
128 verbose addNameRange registry:https://registry.npmjs.org/readable-stream not in flight; fetching
129 verbose get https://registry.npmjs.org/readable-stream not expired, no request
130 silly addNameRange number 2 { name: 'readable-stream',
130 silly addNameRange   range: '>=1.0.33-1 <1.1.0-0',
130 silly addNameRange   hasData: true }
131 silly addNameRange versions [ 'readable-stream',
131 silly addNameRange   [ '0.0.1',
131 silly addNameRange     '0.0.2',
131 silly addNameRange     '0.0.3',
131 silly addNameRange     '0.0.4',
131 silly addNameRange     '0.1.0',
131 silly addNameRange     '0.2.0',
131 silly addNameRange     '0.3.0',
131 silly addNameRange     '0.3.1',
131 silly addNameRange     '1.0.0',
131 silly addNameRange     '1.0.1',
131 silly addNameRange     '1.0.2',
131 silly addNameRange     '1.0.15',
131 silly addNameRange     '1.0.17',
131 silly addNameRange     '1.1.7',
131 silly addNameRange     '1.1.8',
131 silly addNameRange     '1.1.9',
131 silly addNameRange     '1.0.24',
131 silly addNameRange     '1.0.25',
131 silly addNameRange     '1.1.10',
131 silly addNameRange     '1.0.25-1',
131 silly addNameRange     '1.1.11',
131 silly addNameRange     '1.0.26',
131 silly addNameRange     '1.0.26-1',
131 silly addNameRange     '1.1.11-1',
131 silly addNameRange     '1.0.26-2',
131 silly addNameRange     '1.1.12',
131 silly addNameRange     '1.0.26-3',
131 silly addNameRange     '1.0.26-4',
131 silly addNameRange     '1.1.12-1',
131 silly addNameRange     '1.0.27-1',
131 silly addNameRange     '1.1.13-1',
131 silly addNameRange     '1.0.31',
131 silly addNameRange     '1.1.13',
131 silly addNameRange     '1.0.32',
131 silly addNameRange     '1.0.32-1',
131 silly addNameRange     '1.0.33-1',
131 silly addNameRange     '1.0.33-2',
131 silly addNameRange     '1.0.33',
131 silly addNameRange     '2.0.0',
131 silly addNameRange     '2.0.1',
131 silly addNameRange     '2.0.2',
131 silly addNameRange     '2.0.3',
131 silly addNameRange     '2.0.4',
131 silly addNameRange     '2.0.5',
131 silly addNameRange     '2.0.6',
131 silly addNameRange     '1.0.34',
131 silly addNameRange     '1.1.14',
131 silly addNameRange     '2.1.0',
131 silly addNameRange     '2.1.1',
131 silly addNameRange     '2.1.2',
131 silly addNameRange     '2.1.3',
131 silly addNameRange     '2.1.4',
131 silly addNameRange     '2.1.5' ] ]
132 silly addNamed readable-stream@1.0.34
133 verbose addNamed "1.0.34" is a plain semver version for readable-stream
134 silly cache afterAdd readable-stream@1.0.34
135 verbose afterAdd /home/pancakemutiny/.npm/readable-stream/1.0.34/package/package.json not in flight; writing
136 verbose correctMkdir /home/pancakemutiny/.npm correctMkdir not in flight; initializing
137 verbose afterAdd /home/pancakemutiny/.npm/readable-stream/1.0.34/package/package.json written
138 silly loadAllDepsIntoIdealTree Finishing
139 silly loadIdealTree Finishing
140 silly currentTree app@1.1.1
140 silly currentTree ├── abbrev@1.0.9
140 silly currentTree ├── accepts@1.3.3
140 silly currentTree ├── acorn@1.2.2
140 silly currentTree ├── aliasify@1.9.0
140 silly currentTree ├── amdefine@1.0.0
140 silly currentTree ├── ansi-escapes@1.4.0
140 silly currentTree ├── ansi-regex@2.0.0
140 silly currentTree ├── ansi-styles@2.2.1
140 silly currentTree ├── ansi@0.3.1
140 silly currentTree ├── archy@1.0.0
140 silly currentTree ├── arr-diff@2.0.0
140 silly currentTree ├── arr-flatten@1.0.1
140 silly currentTree ├── array-differ@1.0.0
140 silly currentTree ├── array-find-index@1.0.2
140 silly currentTree ├── array-flatten@1.1.1
140 silly currentTree ├── array-uniq@1.0.3
140 silly currentTree ├── array-unique@0.2.1
140 silly currentTree ├── asn1.js@4.8.1
140 silly currentTree ├── asn1@0.1.11
140 silly currentTree ├── assert-plus@0.1.5
140 silly currentTree ├── assert@1.3.0
140 silly currentTree ├── astw@2.0.0
140 silly currentTree ├── async@0.9.2
140 silly currentTree ├── asynckit@0.4.0
140 silly currentTree ├── aws-sign2@0.5.0
140 silly currentTree ├── aws4@1.5.0
140 silly currentTree ├── balanced-match@0.4.2
140 silly currentTree ├── base64-js@0.0.8
140 silly currentTree ├── Base64@0.2.1
140 silly currentTree ├── bcrypt-pbkdf@1.0.0
140 silly currentTree ├── beeper@1.1.0
140 silly currentTree ├── big-integer@1.6.16
140 silly currentTree ├─┬ bl@0.9.5
140 silly currentTree │ └── readable-stream@1.0.34
140 silly currentTree ├── block-stream@0.0.9
140 silly currentTree ├── bn.js@4.11.6
140 silly currentTree ├── boom@0.4.2
140 silly currentTree ├── bower@1.7.9
140 silly currentTree ├── bplist-creator@0.0.4
140 silly currentTree ├── bplist-parser@0.1.1
140 silly currentTree ├── brace-expansion@1.1.6
140 silly currentTree ├── braces@1.8.5
140 silly currentTree ├── brorand@1.0.6
140 silly currentTree ├─┬ browser-pack@4.0.4
140 silly currentTree │ ├── readable-stream@1.0.34
140 silly currentTree │ ├── through2@0.5.1
140 silly currentTree │ └── xtend@3.0.0
140 silly currentTree ├── browser-resolve@1.11.2
140 silly currentTree ├── browserify-aes@1.0.6
140 silly currentTree ├── browserify-cipher@1.0.0
140 silly currentTree ├── browserify-des@1.0.0
140 silly currentTree ├── browserify-rsa@4.0.1
140 silly currentTree ├── browserify-sign@4.0.0
140 silly currentTree ├── browserify-transform-tools@1.5.3
140 silly currentTree ├── browserify-zlib@0.1.4
140 silly currentTree ├─┬ browserify@10.1.3
140 silly currentTree │ ├── glob@4.5.3
140 silly currentTree │ └── minimatch@2.0.10
140 silly currentTree ├── buffer-shims@1.0.0
140 silly currentTree ├── buffer-xor@1.0.3
140 silly currentTree ├─┬ buffer@3.6.0
140 silly currentTree │ └── isarray@1.0.0
140 silly currentTree ├── builtin-modules@1.1.1
140 silly currentTree ├── builtins@0.0.7
140 silly currentTree ├── bytes@2.3.0
140 silly currentTree ├── camelcase-keys@2.1.0
140 silly currentTree ├── camelcase@2.1.1
140 silly currentTree ├── caseless@0.6.0
140 silly currentTree ├── chalk@1.1.3
140 silly currentTree ├── cipher-base@1.0.3
140 silly currentTree ├── cli-cursor@1.0.2
140 silly currentTree ├── cli-width@1.1.1
140 silly currentTree ├── clone-stats@0.0.1
140 silly currentTree ├── clone@1.0.2
140 silly currentTree ├── code-point-at@1.0.1
140 silly currentTree ├── combine-source-map@0.3.0
140 silly currentTree ├── combined-stream@0.0.7
140 silly currentTree ├── commander@2.9.0
140 silly currentTree ├── commondir@0.0.1
140 silly currentTree ├── compressible@2.0.8
140 silly currentTree ├── compression@1.6.2
140 silly currentTree ├── concat-map@0.0.1
140 silly currentTree ├── concat-stream@1.4.10
140 silly currentTree ├─┬ concat-with-sourcemaps@1.0.4
140 silly currentTree │ └── source-map@0.5.6
140 silly currentTree ├── configstore@1.4.0
140 silly currentTree ├── console-browserify@1.1.0
140 silly currentTree ├── constants-browserify@0.0.1
140 silly currentTree ├── content-disposition@0.5.1
140 silly currentTree ├── content-type@1.0.2
140 silly currentTree ├── convert-source-map@0.3.5
140 silly currentTree ├── cookie-signature@1.0.6
140 silly currentTree ├── cookie@0.3.1
140 silly currentTree ├── cordova-app-hello-world@3.10.0
140 silly currentTree ├─┬ cordova-common@1.4.1
140 silly currentTree │ ├── q@1.4.1
140 silly currentTree │ └── underscore@1.8.3
140 silly currentTree ├─┬ cordova-fetch@1.0.1
140 silly currentTree │ ├── glob@7.1.1
140 silly currentTree │ ├── q@1.4.1
140 silly currentTree │ └── shelljs@0.7.4
140 silly currentTree ├── cordova-js@4.1.4
140 silly currentTree ├─┬ cordova-lib@6.3.1
140 silly currentTree │ ├── nopt@3.0.6
140 silly currentTree │ ├── semver@4.3.6
140 silly currentTree │ ├── shelljs@0.3.0
140 silly currentTree │ └── unorm@1.3.3
140 silly currentTree ├── cordova-registry-mapper@1.1.15
140 silly currentTree ├─┬ cordova-serve@1.0.0
140 silly currentTree │ └── q@1.4.1
140 silly currentTree ├── cordova@6.3.1
140 silly currentTree ├── core-util-is@1.0.2
140 silly currentTree ├── create-ecdh@4.0.0
140 silly currentTree ├── create-hash@1.1.2
140 silly currentTree ├── create-hmac@1.1.4
140 silly currentTree ├── cryptiles@0.2.2
140 silly currentTree ├── crypto-browserify@3.11.0
140 silly currentTree ├── ctype@0.5.3
140 silly currentTree ├── currently-unhandled@0.4.1
140 silly currentTree ├─┬ dashdash@1.14.0
140 silly currentTree │ └── assert-plus@1.0.0
140 silly currentTree ├── date-now@0.1.4
140 silly currentTree ├── dateformat@1.0.12
140 silly currentTree ├── debug@2.2.0
140 silly currentTree ├── decamelize@1.2.0
140 silly currentTree ├── deep-equal@1.0.1
140 silly currentTree ├── deep-extend@0.4.1
140 silly currentTree ├── defaults@1.0.3
140 silly currentTree ├── defined@1.0.0
140 silly currentTree ├── delayed-stream@0.0.5
140 silly currentTree ├─┬ dep-graph@1.1.0
140 silly currentTree │ └── underscore@1.2.1
140 silly currentTree ├── depd@1.1.0
140 silly currentTree ├─┬ dependency-ls@1.0.0
140 silly currentTree │ └── q@1.4.1
140 silly currentTree ├── deprecated@0.0.1
140 silly currentTree ├── deps-sort@1.3.9
140 silly currentTree ├── des.js@1.0.0
140 silly currentTree ├── destroy@1.0.4
140 silly currentTree ├── detect-file@0.1.0
140 silly currentTree ├─┬ detective@4.3.2
140 silly currentTree │ └── acorn@3.3.0
140 silly currentTree ├── diffie-hellman@5.0.2
140 silly currentTree ├── domain-browser@1.1.7
140 silly currentTree ├── duplexer2@0.0.2
140 silly currentTree ├─┬ duplexify@3.5.0
140 silly currentTree │ ├── isarray@1.0.0
140 silly currentTree │ └── readable-stream@2.1.5
140 silly currentTree ├── ecc-jsbn@0.1.1
140 silly currentTree ├── ee-first@1.1.1
140 silly currentTree ├── elementtree@0.1.6
140 silly currentTree ├── elliptic@6.3.2
140 silly currentTree ├── encodeurl@1.0.1
140 silly currentTree ├─┬ end-of-stream@1.0.0
140 silly currentTree │ └── once@1.3.3
140 silly currentTree ├── error-ex@1.3.0
140 silly currentTree ├── escape-html@1.0.3
140 silly currentTree ├── escape-string-regexp@1.0.5
140 silly currentTree ├── etag@1.7.0
140 silly currentTree ├── events@1.0.2
140 silly currentTree ├── evp_bytestokey@1.0.0
140 silly currentTree ├── exit-hook@1.1.1
140 silly currentTree ├── expand-brackets@0.1.5
140 silly currentTree ├── expand-range@1.8.2
140 silly currentTree ├── expand-tilde@1.2.2
140 silly currentTree ├── express@4.14.0
140 silly currentTree ├── extend@3.0.0
140 silly currentTree ├── extglob@0.3.2
140 silly currentTree ├── extsprintf@1.0.2
140 silly currentTree ├── falafel@1.2.0
140 silly currentTree ├── fancy-log@1.2.0
140 silly currentTree ├── figures@1.7.0
140 silly currentTree ├── filename-regex@2.0.0
140 silly currentTree ├── fill-range@2.2.3
140 silly currentTree ├── finalhandler@0.5.0
140 silly currentTree ├── find-index@0.1.1
140 silly currentTree ├── find-up@1.1.2
140 silly currentTree ├── findup-sync@0.4.3
140 silly currentTree ├── fined@1.0.2
140 silly currentTree ├── first-chunk-stream@1.0.0
140 silly currentTree ├── flagged-respawn@0.3.2
140 silly currentTree ├── for-in@0.1.6
140 silly currentTree ├── for-own@0.1.4
140 silly currentTree ├── foreach@2.0.5
140 silly currentTree ├── forever-agent@0.5.2
140 silly currentTree ├─┬ form-data@0.1.4
140 silly currentTree │ └── mime@1.2.11
140 silly currentTree ├── forwarded@0.1.0
140 silly currentTree ├── fresh@0.3.0
140 silly currentTree ├── fs-exists-sync@0.1.0
140 silly currentTree ├── fs.realpath@1.0.0
140 silly currentTree ├── fstream@1.0.10
140 silly currentTree ├── function-bind@1.1.0
140 silly currentTree ├── gaze@0.5.2
140 silly currentTree ├── generate-function@2.0.0
140 silly currentTree ├── generate-object-property@1.2.0
140 silly currentTree ├── get-stdin@4.0.1
140 silly currentTree ├─┬ getpass@0.1.6
140 silly currentTree │ └── assert-plus@1.0.0
140 silly currentTree ├── glob-base@0.3.0
140 silly currentTree ├── glob-parent@2.0.0
140 silly currentTree ├─┬ glob-stream@3.1.18
140 silly currentTree │ ├── glob@4.5.3
140 silly currentTree │ ├── minimatch@2.0.10
140 silly currentTree │ ├── readable-stream@1.0.34
140 silly currentTree │ └── through2@0.6.5
140 silly currentTree ├── glob-watcher@0.0.6
140 silly currentTree ├── glob@5.0.15
140 silly currentTree ├── glob2base@0.0.12
140 silly currentTree ├── global-modules@0.2.3
140 silly currentTree ├── global-prefix@0.1.4
140 silly currentTree ├─┬ globule@0.1.0
140 silly currentTree │ ├── glob@3.1.21
140 silly currentTree │ ├── graceful-fs@1.2.3
140 silly currentTree │ ├── inherits@1.0.2
140 silly currentTree │ ├── lodash@1.0.2
140 silly currentTree │ └── minimatch@0.2.14
140 silly currentTree ├── glogg@1.0.0
140 silly currentTree ├─┬ got@3.3.1
140 silly currentTree │ └── object-assign@3.0.0
140 silly currentTree ├── graceful-fs@4.1.9
140 silly currentTree ├── graceful-readlink@1.0.1
140 silly currentTree ├─┬ gulp-util@3.0.7
140 silly currentTree │ ├── isarray@1.0.0
140 silly currentTree │ ├── object-assign@3.0.0
140 silly currentTree │ ├── readable-stream@2.0.6
140 silly currentTree │ └── through2@2.0.1
140 silly currentTree ├─┬ gulp@3.9.1
140 silly currentTree │ └── semver@4.3.6
140 silly currentTree ├── gulplog@1.0.0
140 silly currentTree ├── har-validator@2.0.6
140 silly currentTree ├── has-ansi@2.0.0
140 silly currentTree ├── has-gulplog@0.1.0
140 silly currentTree ├── has@1.0.1
140 silly currentTree ├── hash.js@1.0.3
140 silly currentTree ├── hawk@1.1.1
140 silly currentTree ├── hoek@0.9.1
140 silly currentTree ├── hosted-git-info@2.1.5
140 silly currentTree ├── htmlescape@1.1.1
140 silly currentTree ├── http-browserify@1.7.0
140 silly currentTree ├─┬ http-errors@1.5.0
140 silly currentTree │ └── inherits@2.0.1
140 silly currentTree ├── http-signature@0.10.1
140 silly currentTree ├── https-browserify@0.0.1
140 silly currentTree ├── ieee754@1.1.8
140 silly currentTree ├── imurmurhash@0.1.4
140 silly currentTree ├─┬ indent-string@2.1.0
140 silly currentTree │ └── repeating@2.0.1
140 silly currentTree ├── indexof@0.0.1
140 silly currentTree ├── infinity-agent@2.0.3
140 silly currentTree ├── inflight@1.0.6
140 silly currentTree ├── inherits@2.0.3
140 silly currentTree ├── ini@1.3.4
140 silly currentTree ├─┬ init-package-json@1.9.4
140 silly currentTree │ └── glob@6.0.4
140 silly currentTree ├─┬ inline-source-map@0.3.1
140 silly currentTree │ └── source-map@0.3.0
140 silly currentTree ├── inquirer@0.10.1
140 silly currentTree ├─┬ insert-module-globals@6.6.3
140 silly currentTree │ ├── combine-source-map@0.6.1
140 silly currentTree │ ├── convert-source-map@1.1.3
140 silly currentTree │ ├── inline-source-map@0.5.0
140 silly currentTree │ └── source-map@0.4.4
140 silly currentTree ├─┬ insight@0.8.3
140 silly currentTree │ ├── assert-plus@0.2.0
140 silly currentTree │ ├── async@1.5.2
140 silly currentTree │ ├── aws-sign2@0.6.0
140 silly currentTree │ ├── boom@2.10.1
140 silly currentTree │ ├── caseless@0.11.0
140 silly currentTree │ ├── combined-stream@1.0.5
140 silly currentTree │ ├── cryptiles@2.0.5
140 silly currentTree │ ├── delayed-stream@1.0.0
140 silly currentTree │ ├── forever-agent@0.6.1
140 silly currentTree │ ├── form-data@2.1.1
140 silly currentTree │ ├── hawk@3.1.3
140 silly currentTree │ ├── hoek@2.16.3
140 silly currentTree │ ├── http-signature@1.1.1
140 silly currentTree │ ├── oauth-sign@0.8.2
140 silly currentTree │ ├── qs@6.3.0
140 silly currentTree │ ├── request@2.76.0
140 silly currentTree │ └── sntp@1.0.9
140 silly currentTree ├── interpret@1.0.1
140 silly currentTree ├── ipaddr.js@1.1.1
140 silly currentTree ├── is-absolute@0.2.6
140 silly currentTree ├── is-arrayish@0.2.1
140 silly currentTree ├── is-buffer@1.1.4
140 silly currentTree ├── is-builtin-module@1.0.0
140 silly currentTree ├── is-dotfile@1.0.2
140 silly currentTree ├── is-equal-shallow@0.1.3
140 silly currentTree ├── is-extendable@0.1.1
140 silly currentTree ├── is-extglob@1.0.0
140 silly currentTree ├── is-finite@1.0.2
140 silly currentTree ├── is-fullwidth-code-point@1.0.0
140 silly currentTree ├── is-glob@2.0.1
140 silly currentTree ├── is-my-json-valid@2.15.0
140 silly currentTree ├── is-npm@1.0.0
140 silly currentTree ├── is-number@2.1.0
140 silly currentTree ├── is-posix-bracket@0.1.1
140 silly currentTree ├── is-primitive@2.0.0
140 silly currentTree ├── is-property@1.0.2
140 silly currentTree ├── is-redirect@1.0.0
140 silly currentTree ├── is-relative@0.2.1
140 silly currentTree ├── is-stream@1.1.0
140 silly currentTree ├── is-typedarray@1.0.0
140 silly currentTree ├── is-unc-path@0.1.1
140 silly currentTree ├── is-url@1.2.2
140 silly currentTree ├── is-utf8@0.2.1
140 silly currentTree ├── is-windows@0.2.0
140 silly currentTree ├── isarray@0.0.1
140 silly currentTree ├── isexe@1.1.2
140 silly currentTree ├─┬ isobject@2.1.0
140 silly currentTree │ └── isarray@1.0.0
140 silly currentTree ├── isstream@0.1.2
140 silly currentTree ├── jju@1.3.0
140 silly currentTree ├── jodid25519@1.0.2
140 silly currentTree ├── jsbn@0.1.0
140 silly currentTree ├── json-parse-helpfulerror@1.0.3
140 silly currentTree ├── json-schema@0.2.3
140 silly currentTree ├── json-stable-stringify@0.0.1
140 silly currentTree ├── json-stringify-safe@5.0.1
140 silly currentTree ├── jsonify@0.0.0
140 silly currentTree ├── jsonparse@1.2.0
140 silly currentTree ├── jsonpointer@4.0.0
140 silly currentTree ├── JSONStream@1.2.1
140 silly currentTree ├── jsprim@1.3.1
140 silly currentTree ├── kind-of@3.0.4
140 silly currentTree ├── labeled-stream-splicer@1.0.2
140 silly currentTree ├── latest-version@1.0.1
140 silly currentTree ├── lexical-scope@1.2.0
140 silly currentTree ├── liftoff@2.3.0
140 silly currentTree ├── load-json-file@1.1.0
140 silly currentTree ├── lodash._basecopy@3.0.1
140 silly currentTree ├── lodash._basetostring@3.0.1
140 silly currentTree ├── lodash._basevalues@3.0.0
140 silly currentTree ├── lodash._getnative@3.9.1
140 silly currentTree ├── lodash._isiterateecall@3.0.9
140 silly currentTree ├── lodash._reescape@3.0.0
140 silly currentTree ├── lodash._reevaluate@3.0.0
140 silly currentTree ├── lodash._reinterpolate@3.0.0
140 silly currentTree ├── lodash._root@3.0.1
140 silly currentTree ├── lodash.assignwith@4.2.0
140 silly currentTree ├── lodash.debounce@3.1.1
140 silly currentTree ├── lodash.escape@3.2.0
140 silly currentTree ├── lodash.isarguments@3.1.0
140 silly currentTree ├── lodash.isarray@3.0.4
140 silly currentTree ├── lodash.isempty@4.4.0
140 silly currentTree ├── lodash.isplainobject@4.0.6
140 silly currentTree ├── lodash.isstring@4.0.1
140 silly currentTree ├── lodash.keys@3.1.2
140 silly currentTree ├── lodash.mapvalues@4.6.0
140 silly currentTree ├── lodash.memoize@3.0.4
140 silly currentTree ├── lodash.pick@4.4.0
140 silly currentTree ├── lodash.restparam@3.6.1
140 silly currentTree ├── lodash.template@3.6.2
140 silly currentTree ├── lodash.templatesettings@3.1.1
140 silly currentTree ├── lodash@3.10.1
140 silly currentTree ├── loud-rejection@1.6.0
140 silly currentTree ├── lowercase-keys@1.0.0
140 silly currentTree ├── lru-cache@2.7.3
140 silly currentTree ├── map-cache@0.2.2
140 silly currentTree ├── map-obj@1.0.1
140 silly currentTree ├── media-typer@0.3.0
140 silly currentTree ├── meow@3.7.0
140 silly currentTree ├── merge-descriptors@1.0.1
140 silly currentTree ├── methods@1.1.2
140 silly currentTree ├── micromatch@2.3.11
140 silly currentTree ├── miller-rabin@4.0.0
140 silly currentTree ├── mime-db@1.24.0
140 silly currentTree ├── mime-types@2.1.12
140 silly currentTree ├── mime@1.3.4
140 silly currentTree ├── minimalistic-assert@1.0.0
140 silly currentTree ├── minimatch@3.0.3
140 silly currentTree ├── minimist@1.2.0
140 silly currentTree ├─┬ mkdirp@0.5.1
140 silly currentTree │ └── minimist@0.0.8
140 silly currentTree ├── module-deps@3.9.1
140 silly currentTree ├── ms@0.7.1
140 silly currentTree ├── multipipe@0.1.2
140 silly currentTree ├── mute-stream@0.0.6
140 silly currentTree ├── natives@1.1.0
140 silly currentTree ├── negotiator@0.6.1
140 silly currentTree ├── nested-error-stacks@1.0.2
140 silly currentTree ├── node-uuid@1.4.7
140 silly currentTree ├── nopt@3.0.1
140 silly currentTree ├── normalize-package-data@2.3.5
140 silly currentTree ├── normalize-path@2.0.1
140 silly currentTree ├── npm-package-arg@4.2.0
140 silly currentTree ├─┬ npm@2.15.11
140 silly currentTree │ ├── abbrev@1.0.9
140 silly currentTree │ ├── ansi-regex@2.0.0
140 silly currentTree │ ├── ansi@0.3.1
140 silly currentTree │ ├── ansicolors@0.3.2
140 silly currentTree │ ├── ansistyles@0.1.3
140 silly currentTree │ ├── archy@1.0.0
140 silly currentTree │ ├── async-some@1.0.2
140 silly currentTree │ ├── block-stream@0.0.9
140 silly currentTree │ ├── char-spinner@1.0.1
140 silly currentTree │ ├── chmodr@1.0.2
140 silly currentTree │ ├── chownr@1.0.1
140 silly currentTree │ ├── cmd-shim@2.0.2
140 silly currentTree │ ├─┬ columnify@1.5.4
140 silly currentTree │ │ └─┬ wcwidth@1.0.0
140 silly currentTree │ │   └─┬ defaults@1.0.3
140 silly currentTree │ │     └── clone@1.0.2
140 silly currentTree │ ├─┬ config-chain@1.1.10
140 silly currentTree │ │ └── proto-list@1.2.4
140 silly currentTree │ ├─┬ dezalgo@1.0.3
140 silly currentTree │ │ └── asap@2.0.3
140 silly currentTree │ ├── editor@1.0.0
140 silly currentTree │ ├── fs-vacuum@1.2.9
140 silly currentTree │ ├─┬ fs-write-stream-atomic@1.0.8
140 silly currentTree │ │ └── iferr@0.1.5
140 silly currentTree │ ├─┬ fstream-npm@1.1.1
140 silly currentTree │ │ └── fstream-ignore@1.0.5
140 silly currentTree │ ├── fstream@1.0.10
140 silly currentTree │ ├── github-url-from-git@1.4.0
140 silly currentTree │ ├── github-url-from-username-repo@1.0.2
140 silly currentTree │ ├─┬ glob@7.0.6
140 silly currentTree │ │ ├── fs.realpath@1.0.0
140 silly currentTree │ │ └── path-is-absolute@1.0.0
140 silly currentTree │ ├── graceful-fs@4.1.6
140 silly currentTree │ ├── hosted-git-info@2.1.5
140 silly currentTree │ ├── imurmurhash@0.1.4
140 silly currentTree │ ├── inflight@1.0.5
140 silly currentTree │ ├── inherits@2.0.3
140 silly currentTree │ ├── ini@1.3.4
140 silly currentTree │ ├─┬ init-package-json@1.9.4
140 silly currentTree │ │ ├─┬ glob@6.0.4
140 silly currentTree │ │ │ └── path-is-absolute@1.0.0
140 silly currentTree │ │ └── promzard@0.3.0
140 silly currentTree │ ├── lockfile@1.0.1
140 silly currentTree │ ├─┬ lru-cache@4.0.1
140 silly currentTree │ │ ├── pseudomap@1.0.2
140 silly currentTree │ │ └── yallist@2.0.0
140 silly currentTree │ ├─┬ minimatch@3.0.3
140 silly currentTree │ │ └─┬ brace-expansion@1.1.6
140 silly currentTree │ │   ├── balanced-match@0.4.2
140 silly currentTree │ │   └── concat-map@0.0.1
140 silly currentTree │ ├─┬ mkdirp@0.5.1
140 silly currentTree │ │ └── minimist@0.0.8
140 silly currentTree │ ├─┬ node-gyp@3.4.0
140 silly currentTree │ │ └─┬ path-array@1.0.1
140 silly currentTree │ │   └─┬ array-index@1.0.0
140 silly currentTree │ │     ├─┬ debug@2.2.0
140 silly currentTree │ │     │ └── ms@0.7.1
140 silly currentTree │ │     └─┬ es6-symbol@3.1.0
140 silly currentTree │ │       ├── d@0.1.1
140 silly currentTree │ │       └─┬ es5-ext@0.10.12
140 silly currentTree │ │         └── es6-iterator@2.0.0
140 silly currentTree │ ├── nopt@3.0.6
140 silly currentTree │ ├── normalize-git-url@3.0.2
140 silly currentTree │ ├─┬ normalize-package-data@2.3.5
140 silly currentTree │ │ └─┬ is-builtin-module@1.0.0
140 silly currentTree │ │   └── builtin-modules@1.1.0
140 silly currentTree │ ├── npm-cache-filename@1.0.2
140 silly currentTree │ ├── npm-install-checks@1.0.7
140 silly currentTree │ ├── npm-package-arg@4.1.0
140 silly currentTree │ ├─┬ npm-registry-client@7.2.1
140 silly currentTree │ │ ├─┬ concat-stream@1.5.2
140 silly currentTree │ │ │ ├─┬ readable-stream@2.0.6
140 silly currentTree │ │ │ │ ├── core-util-is@1.0.2
140 silly currentTree │ │ │ │ ├── isarray@1.0.0
140 silly currentTree │ │ │ │ ├── process-nextick-args@1.0.7
140 silly currentTree │ │ │ │ ├── string_decoder@0.10.31
140 silly currentTree │ │ │ │ └── util-deprecate@1.0.2
140 silly currentTree │ │ │ └── typedarray@0.0.6
140 silly currentTree │ │ └── retry@0.10.0
140 silly currentTree │ ├── npm-user-validate@0.1.5
140 silly currentTree │ ├─┬ npmlog@2.0.4
140 silly currentTree │ │ ├─┬ are-we-there-yet@1.1.2
140 silly currentTree │ │ │ └── delegates@1.0.0
140 silly currentTree │ │ └─┬ gauge@1.2.7
140 silly currentTree │ │   ├── has-unicode@2.0.0
140 silly currentTree │ │   ├── lodash._baseslice@4.0.0
140 silly currentTree │ │   ├── lodash._basetostring@4.12.0
140 silly currentTree │ │   ├── lodash.pad@4.4.0
140 silly currentTree │ │   ├── lodash.padend@4.5.0
140 silly currentTree │ │   ├── lodash.padstart@4.5.0
140 silly currentTree │ │   └── lodash.tostring@4.1.4
140 silly currentTree │ ├── once@1.4.0
140 silly currentTree │ ├── opener@1.4.1
140 silly currentTree │ ├─┬ osenv@0.1.3
140 silly currentTree │ │ ├── os-homedir@1.0.0
140 silly currentTree │ │ └── os-tmpdir@1.0.1
140 silly currentTree │ ├── path-is-inside@1.0.1
140 silly currentTree │ ├─┬ read-installed@4.0.3
140 silly currentTree │ │ ├── debuglog@1.0.1
140 silly currentTree │ │ ├── readdir-scoped-modules@1.0.2
140 silly currentTree │ │ └── util-extend@1.0.1
140 silly currentTree │ ├─┬ read-package-json@2.0.4
140 silly currentTree │ │ ├─┬ glob@6.0.4
140 silly currentTree │ │ │ └── path-is-absolute@1.0.0
140 silly currentTree │ │ └─┬ json-parse-helpfulerror@1.0.3
140 silly currentTree │ │   └── jju@1.3.0
140 silly currentTree │ ├─┬ read@1.0.7
140 silly currentTree │ │ └── mute-stream@0.0.5
140 silly currentTree │ ├─┬ readable-stream@2.1.5
140 silly currentTree │ │ ├── buffer-shims@1.0.0
140 silly currentTree │ │ ├── core-util-is@1.0.2
140 silly currentTree │ │ ├── isarray@1.0.0
140 silly currentTree │ │ ├── process-nextick-args@1.0.7
140 silly currentTree │ │ ├── string_decoder@0.10.31
140 silly currentTree │ │ └── util-deprecate@1.0.2
140 silly currentTree │ ├── realize-package-specifier@3.0.1
140 silly currentTree │ ├─┬ request@2.74.0
140 silly currentTree │ │ ├── aws-sign2@0.6.0
140 silly currentTree │ │ ├── aws4@1.4.1
140 silly currentTree │ │ ├─┬ bl@1.1.2
140 silly currentTree │ │ │ └─┬ readable-stream@2.0.6
140 silly currentTree │ │ │   ├── core-util-is@1.0.2
140 silly currentTree │ │ │   ├── isarray@1.0.0
140 silly currentTree │ │ │   ├── process-nextick-args@1.0.7
140 silly currentTree │ │ │   ├── string_decoder@0.10.31
140 silly currentTree │ │ │   └── util-deprecate@1.0.2
140 silly currentTree │ │ ├── caseless@0.11.0
140 silly currentTree │ │ ├─┬ combined-stream@1.0.5
140 silly currentTree │ │ │ └── delayed-stream@1.0.0
140 silly currentTree │ │ ├── extend@3.0.0
140 silly currentTree │ │ ├── forever-agent@0.6.1
140 silly currentTree │ │ ├─┬ form-data@1.0.0-rc4
140 silly currentTree │ │ │ └── async@1.5.2
140 silly currentTree │ │ ├─┬ har-validator@2.0.6
140 silly currentTree │ │ │ ├─┬ chalk@1.1.3
140 silly currentTree │ │ │ │ ├── ansi-styles@2.2.1
140 silly currentTree │ │ │ │ ├── escape-string-regexp@1.0.5
140 silly currentTree │ │ │ │ ├── has-ansi@2.0.0
140 silly currentTree │ │ │ │ └── supports-color@2.0.0
140 silly currentTree │ │ │ ├─┬ commander@2.9.0
140 silly currentTree │ │ │ │ └── graceful-readlink@1.0.1
140 silly currentTree │ │ │ ├─┬ is-my-json-valid@2.13.1
140 silly currentTree │ │ │ │ ├── generate-function@2.0.0
140 silly currentTree │ │ │ │ ├─┬ generate-object-property@1.2.0
140 silly currentTree │ │ │ │ │ └── is-property@1.0.2
140 silly currentTree │ │ │ │ ├── jsonpointer@2.0.0
140 silly currentTree │ │ │ │ └── xtend@4.0.1
140 silly currentTree │ │ │ └─┬ pinkie-promise@2.0.1
140 silly currentTree │ │ │   └── pinkie@2.0.4
140 silly currentTree │ │ ├─┬ hawk@3.1.3
140 silly currentTree │ │ │ ├── boom@2.10.1
140 silly currentTree │ │ │ ├── cryptiles@2.0.5
140 silly currentTree │ │ │ ├── hoek@2.16.3
140 silly currentTree │ │ │ └── sntp@1.0.9
140 silly currentTree │ │ ├─┬ http-signature@1.1.1
140 silly currentTree │ │ │ ├── assert-plus@0.2.0
140 silly currentTree │ │ │ ├─┬ jsprim@1.3.0
140 silly currentTree │ │ │ │ ├── extsprintf@1.0.2
140 silly currentTree │ │ │ │ ├── json-schema@0.2.2
140 silly currentTree │ │ │ │ └── verror@1.3.6
140 silly currentTree │ │ │ └─┬ sshpk@1.9.2
140 silly currentTree │ │ │   ├── asn1@0.2.3
140 silly currentTree │ │ │   ├── assert-plus@1.0.0
140 silly currentTree │ │ │   ├── dashdash@1.14.0
140 silly currentTree │ │ │   ├── ecc-jsbn@0.1.1
140 silly currentTree │ │ │   ├── getpass@0.1.6
140 silly currentTree │ │ │   ├── jodid25519@1.0.2
140 silly currentTree │ │ │   ├── jsbn@0.1.0
140 silly currentTree │ │ │   └── tweetnacl@0.13.3
140 silly currentTree │ │ ├── is-typedarray@1.0.0
140 silly currentTree │ │ ├── isstream@0.1.2
140 silly currentTree │ │ ├── json-stringify-safe@5.0.1
140 silly currentTree │ │ ├─┬ mime-types@2.1.11
140 silly currentTree │ │ │ └── mime-db@1.23.0
140 silly currentTree │ │ ├── node-uuid@1.4.7
140 silly currentTree │ │ ├── oauth-sign@0.8.2
140 silly currentTree │ │ ├── qs@6.2.1
140 silly currentTree │ │ ├── stringstream@0.0.5
140 silly currentTree │ │ ├── tough-cookie@2.3.1
140 silly currentTree │ │ └── tunnel-agent@0.4.3
140 silly currentTree │ ├── retry@0.10.0
140 silly currentTree │ ├── rimraf@2.5.4
140 silly currentTree │ ├── semver@5.1.0
140 silly currentTree │ ├─┬ sha@2.0.1
140 silly currentTree │ │ └─┬ readable-stream@2.0.2
140 silly currentTree │ │   ├── core-util-is@1.0.1
140 silly currentTree │ │   ├── isarray@0.0.1
140 silly currentTree │ │   ├── process-nextick-args@1.0.3
140 silly currentTree │ │   ├── string_decoder@0.10.31
140 silly currentTree │ │   └── util-deprecate@1.0.1
140 silly currentTree │ ├── slide@1.1.6
140 silly currentTree │ ├── sorted-object@2.0.0
140 silly currentTree │ ├── spdx-license-ids@1.2.2
140 silly currentTree │ ├── strip-ansi@3.0.1
140 silly currentTree │ ├── tar@2.2.1
140 silly currentTree │ ├── text-table@0.2.0
140 silly currentTree │ ├── uid-number@0.0.6
140 silly currentTree │ ├── umask@1.1.0
140 silly currentTree │ ├─┬ validate-npm-package-license@3.0.1
140 silly currentTree │ │ ├── spdx-correct@1.0.2
140 silly currentTree │ │ └─┬ spdx-expression-parse@1.0.2
140 silly currentTree │ │   └── spdx-exceptions@1.0.4
140 silly currentTree │ ├─┬ validate-npm-package-name@2.2.2
140 silly currentTree │ │ └── builtins@0.0.7
140 silly currentTree │ ├─┬ which@1.2.11
140 silly currentTree │ │ └── isexe@1.1.2
140 silly currentTree │ ├── wrappy@1.0.2
140 silly currentTree │ └── write-file-atomic@1.1.4
140 silly currentTree ├── number-is-nan@1.0.1
140 silly currentTree ├── oauth-sign@0.4.0
140 silly currentTree ├── object-assign@4.1.0
140 silly currentTree ├── object-keys@1.0.11
140 silly currentTree ├── object.omit@2.0.0
140 silly currentTree ├── on-finished@2.3.0
140 silly currentTree ├── on-headers@1.0.1
140 silly currentTree ├── once@1.4.0
140 silly currentTree ├── onetime@1.1.0
140 silly currentTree ├── opener@1.4.1
140 silly currentTree ├─┬ orchestrator@0.3.7
140 silly currentTree │ ├── end-of-stream@0.1.5
140 silly currentTree │ └── once@1.3.3
140 silly currentTree ├── ordered-read-streams@0.1.0
140 silly currentTree ├── os-browserify@0.1.2
140 silly currentTree ├── os-homedir@1.0.2
140 silly currentTree ├── os-name@1.0.3
140 silly currentTree ├── os-tmpdir@1.0.2
140 silly currentTree ├── osenv@0.1.3
140 silly currentTree ├── osx-release@1.1.0
140 silly currentTree ├── package-json@1.2.0
140 silly currentTree ├── pako@0.2.9
140 silly currentTree ├── parents@1.0.1
140 silly currentTree ├── parse-asn1@5.0.0
140 silly currentTree ├── parse-filepath@1.0.1
140 silly currentTree ├── parse-glob@3.0.4
140 silly currentTree ├── parse-json@2.2.0
140 silly currentTree ├── parseurl@1.3.1
140 silly currentTree ├── path-browserify@0.0.0
140 silly currentTree ├── path-exists@2.1.0
140 silly currentTree ├── path-is-absolute@1.0.1
140 silly currentTree ├── path-platform@0.11.15
140 silly currentTree ├── path-root-regex@0.1.2
140 silly currentTree ├── path-root@0.1.1
140 silly currentTree ├── path-to-regexp@0.1.7
140 silly currentTree ├── path-type@1.1.0
140 silly currentTree ├── pbkdf2@3.0.9
140 silly currentTree ├── pegjs@0.9.0
140 silly currentTree ├── pify@2.3.0
140 silly currentTree ├── pinkie-promise@2.0.1
140 silly currentTree ├── pinkie@2.0.4
140 silly currentTree ├── plist@1.2.0
140 silly currentTree ├── prepend-http@1.0.4
140 silly currentTree ├── preserve@0.2.0
140 silly currentTree ├── pretty-hrtime@1.0.2
140 silly currentTree ├── process-nextick-args@1.0.7
140 silly currentTree ├── process@0.11.9
140 silly currentTree ├── promzard@0.3.0
140 silly currentTree ├── properties-parser@0.2.3
140 silly currentTree ├── proxy-addr@1.1.2
140 silly currentTree ├── public-encrypt@4.0.0
140 silly currentTree ├── punycode@1.4.1
140 silly currentTree ├── q@1.0.1
140 silly currentTree ├── qs@6.2.0
140 silly currentTree ├── querystring-es3@0.2.1
140 silly currentTree ├── querystring@0.2.0
140 silly currentTree ├── randomatic@1.1.5
140 silly currentTree ├── randombytes@2.0.3
140 silly currentTree ├── range-parser@1.2.0
140 silly currentTree ├── rc@1.1.6
140 silly currentTree ├─┬ read-all-stream@3.1.0
140 silly currentTree │ ├── isarray@1.0.0
140 silly currentTree │ └── readable-stream@2.1.5
140 silly currentTree ├── read-only-stream@1.1.1
140 silly currentTree ├─┬ read-package-json@2.0.4
140 silly currentTree │ └── glob@6.0.4
140 silly currentTree ├── read-pkg-up@1.0.1
140 silly currentTree ├── read-pkg@1.1.0
140 silly currentTree ├── read@1.0.7
140 silly currentTree ├── readable-stream@1.1.14
140 silly currentTree ├── readable-wrap@1.0.0
140 silly currentTree ├─┬ readline2@1.0.1
140 silly currentTree │ └── mute-stream@0.0.5
140 silly currentTree ├── rechoir@0.6.2
140 silly currentTree ├── redent@1.0.0
140 silly currentTree ├── regex-cache@0.4.3
140 silly currentTree ├── registry-url@3.1.0
140 silly currentTree ├── repeat-element@1.1.2
140 silly currentTree ├── repeat-string@1.6.1
140 silly currentTree ├── repeating@1.1.3
140 silly currentTree ├── replace-ext@0.0.1
140 silly currentTree ├─┬ request@2.47.0
140 silly currentTree │ ├── mime-types@1.0.2
140 silly currentTree │ └── qs@2.3.3
140 silly currentTree ├── resolve-dir@0.1.1
140 silly currentTree ├── resolve@1.1.7
140 silly currentTree ├── restore-cursor@1.0.1
140 silly currentTree ├─┬ rimraf@2.5.4
140 silly currentTree │ └── glob@7.1.1
140 silly currentTree ├── ripemd160@1.0.1
140 silly currentTree ├── run-async@0.1.0
140 silly currentTree ├── rx-lite@3.1.2
140 silly currentTree ├── sax@0.3.5
140 silly currentTree ├── semver-diff@2.1.0
140 silly currentTree ├── semver@5.3.0
140 silly currentTree ├── send@0.14.1
140 silly currentTree ├── sequencify@0.0.7
140 silly currentTree ├── serve-static@1.11.1
140 silly currentTree ├── setprototypeof@1.0.1
140 silly currentTree ├── sha.js@2.4.5
140 silly currentTree ├── shallow-copy@0.0.1
140 silly currentTree ├── shasum@1.0.2
140 silly currentTree ├── shell-quote@0.0.1
140 silly currentTree ├── shelljs@0.5.3
140 silly currentTree ├── sigmund@1.0.1
140 silly currentTree ├── signal-exit@3.0.1
140 silly currentTree ├─┬ simple-plist@0.1.4
140 silly currentTree │ └── bplist-parser@0.0.6
140 silly currentTree ├── slide@1.1.6
140 silly currentTree ├── sntp@0.2.4
140 silly currentTree ├── source-map@0.1.43
140 silly currentTree ├── sparkles@1.0.0
140 silly currentTree ├── spdx-correct@1.0.2
140 silly currentTree ├── spdx-expression-parse@1.0.4
140 silly currentTree ├── spdx-license-ids@1.2.2
140 silly currentTree ├─┬ sshpk@1.10.1
140 silly currentTree │ ├── asn1@0.2.3
140 silly currentTree │ └── assert-plus@1.0.0
140 silly currentTree ├── statuses@1.3.0
140 silly currentTree ├── stream-browserify@1.0.0
140 silly currentTree ├── stream-buffers@0.2.6
140 silly currentTree ├─┬ stream-combiner2@1.0.2
140 silly currentTree │ ├── readable-stream@1.0.34
140 silly currentTree │ ├── through2@0.5.1
140 silly currentTree │ └── xtend@3.0.0
140 silly currentTree ├── stream-consume@0.1.0
140 silly currentTree ├── stream-shift@1.0.0
140 silly currentTree ├── stream-splicer@1.3.2
140 silly currentTree ├── string_decoder@0.10.31
140 silly currentTree ├── string-length@1.0.1
140 silly currentTree ├── stringstream@0.0.5
140 silly currentTree ├── strip-ansi@3.0.1
140 silly currentTree ├── strip-bom@2.0.0
140 silly currentTree ├── strip-indent@1.0.1
140 silly currentTree ├── strip-json-comments@1.0.4
140 silly currentTree ├── subarg@1.0.0
140 silly currentTree ├── supports-color@2.0.0
140 silly currentTree ├─┬ syntax-error@1.1.6
140 silly currentTree │ └── acorn@2.7.0
140 silly currentTree ├── tar@1.0.2
140 silly currentTree ├── through@2.3.8
140 silly currentTree ├── through2@1.1.1
140 silly currentTree ├── tildify@1.2.0
140 silly currentTree ├── time-stamp@1.0.1
140 silly currentTree ├── timed-out@2.0.0
140 silly currentTree ├── timers-browserify@1.4.2
140 silly currentTree ├── tough-cookie@2.3.2
140 silly currentTree ├── trim-newlines@1.0.0
140 silly currentTree ├── tty-browserify@0.0.0
140 silly currentTree ├── tunnel-agent@0.4.3
140 silly currentTree ├── tweetnacl@0.14.3
140 silly currentTree ├── type-is@1.6.13
140 silly currentTree ├── typedarray@0.0.6
140 silly currentTree ├── umd@3.0.1
140 silly currentTree ├── unc-path-regex@0.1.2
140 silly currentTree ├── underscore@1.7.0
140 silly currentTree ├── unique-stream@1.0.0
140 silly currentTree ├── unorm@1.4.1
140 silly currentTree ├── unpipe@1.0.0
140 silly currentTree ├── update-notifier@0.5.0
140 silly currentTree ├─┬ url@0.10.3
140 silly currentTree │ └── punycode@1.3.2
140 silly currentTree ├── user-home@1.1.1
140 silly currentTree ├── util-deprecate@1.0.2
140 silly currentTree ├─┬ util@0.10.3
140 silly currentTree │ └── inherits@2.0.1
140 silly currentTree ├── utils-merge@1.0.0
140 silly currentTree ├── uuid@2.0.3
140 silly currentTree ├── v8flags@2.0.11
140 silly currentTree ├── valid-identifier@0.0.1
140 silly currentTree ├── validate-npm-package-license@3.0.1
140 silly currentTree ├── validate-npm-package-name@2.2.2
140 silly currentTree ├── vary@1.1.0
140 silly currentTree ├── verror@1.3.6
140 silly currentTree ├─┬ vinyl-fs@0.3.14
140 silly currentTree │ ├── clone@0.2.0
140 silly currentTree │ ├── graceful-fs@3.0.11
140 silly currentTree │ ├── readable-stream@1.0.34
140 silly currentTree │ ├── strip-bom@1.0.0
140 silly currentTree │ ├── through2@0.6.5
140 silly currentTree │ └── vinyl@0.4.6
140 silly currentTree ├── vinyl@0.5.3
140 silly currentTree ├── vm-browserify@0.0.4
140 silly currentTree ├── which@1.2.11
140 silly currentTree ├── win-release@1.1.1
140 silly currentTree ├── wrappy@1.0.2
140 silly currentTree ├── write-file-atomic@1.2.0
140 silly currentTree ├── xcode@0.8.9
140 silly currentTree ├── xdg-basedir@2.0.0
140 silly currentTree ├── xmlbuilder@4.0.0
140 silly currentTree ├── xmldom@0.1.22
140 silly currentTree └── xtend@4.0.1
141 silly idealTree app@1.1.1
141 silly idealTree ├── abbrev@1.0.9
141 silly idealTree ├── accepts@1.3.3
141 silly idealTree ├── acorn@1.2.2
141 silly idealTree ├── aliasify@1.9.0
141 silly idealTree ├── amdefine@1.0.0
141 silly idealTree ├── ansi-escapes@1.4.0
141 silly idealTree ├── ansi-regex@2.0.0
141 silly idealTree ├── ansi-styles@2.2.1
141 silly idealTree ├── ansi@0.3.1
141 silly idealTree ├── archy@1.0.0
141 silly idealTree ├── arr-diff@2.0.0
141 silly idealTree ├── arr-flatten@1.0.1
141 silly idealTree ├── array-differ@1.0.0
141 silly idealTree ├── array-find-index@1.0.2
141 silly idealTree ├── array-flatten@1.1.1
141 silly idealTree ├── array-uniq@1.0.3
141 silly idealTree ├── array-unique@0.2.1
141 silly idealTree ├── asn1.js@4.8.1
141 silly idealTree ├── asn1@0.1.11
141 silly idealTree ├── assert-plus@0.1.5
141 silly idealTree ├── assert@1.3.0
141 silly idealTree ├── astw@2.0.0
141 silly idealTree ├── async@0.9.2
141 silly idealTree ├── asynckit@0.4.0
141 silly idealTree ├── aws-sign2@0.5.0
141 silly idealTree ├── aws4@1.5.0
141 silly idealTree ├── balanced-match@0.4.2
141 silly idealTree ├── base64-js@0.0.8
141 silly idealTree ├── Base64@0.2.1
141 silly idealTree ├── bcrypt-pbkdf@1.0.0
141 silly idealTree ├── beeper@1.1.0
141 silly idealTree ├── big-integer@1.6.16
141 silly idealTree ├─┬ bl@0.9.5
141 silly idealTree │ └── readable-stream@1.0.34
141 silly idealTree ├── block-stream@0.0.9
141 silly idealTree ├── bn.js@4.11.6
141 silly idealTree ├── boom@0.4.2
141 silly idealTree ├── bower@1.7.9
141 silly idealTree ├── bplist-creator@0.0.4
141 silly idealTree ├── bplist-parser@0.1.1
141 silly idealTree ├── brace-expansion@1.1.6
141 silly idealTree ├── braces@1.8.5
141 silly idealTree ├── brorand@1.0.6
141 silly idealTree ├─┬ browser-pack@4.0.4
141 silly idealTree │ ├── readable-stream@1.0.34
141 silly idealTree │ ├── through2@0.5.1
141 silly idealTree │ └── xtend@3.0.0
141 silly idealTree ├── browser-resolve@1.11.2
141 silly idealTree ├── browserify-aes@1.0.6
141 silly idealTree ├── browserify-cipher@1.0.0
141 silly idealTree ├── browserify-des@1.0.0
141 silly idealTree ├── browserify-rsa@4.0.1
141 silly idealTree ├── browserify-sign@4.0.0
141 silly idealTree ├── browserify-transform-tools@1.5.3
141 silly idealTree ├── browserify-zlib@0.1.4
141 silly idealTree ├─┬ browserify@10.1.3
141 silly idealTree │ ├── glob@4.5.3
141 silly idealTree │ └── minimatch@2.0.10
141 silly idealTree ├── buffer-shims@1.0.0
141 silly idealTree ├── buffer-xor@1.0.3
141 silly idealTree ├─┬ buffer@3.6.0
141 silly idealTree │ └── isarray@1.0.0
141 silly idealTree ├── builtin-modules@1.1.1
141 silly idealTree ├── builtins@0.0.7
141 silly idealTree ├── bytes@2.3.0
141 silly idealTree ├── camelcase-keys@2.1.0
141 silly idealTree ├── camelcase@2.1.1
141 silly idealTree ├── caseless@0.6.0
141 silly idealTree ├── chalk@1.1.3
141 silly idealTree ├── cipher-base@1.0.3
141 silly idealTree ├── cli-cursor@1.0.2
141 silly idealTree ├── cli-width@1.1.1
141 silly idealTree ├── clone-stats@0.0.1
141 silly idealTree ├── clone@1.0.2
141 silly idealTree ├── code-point-at@1.0.1
141 silly idealTree ├── combine-source-map@0.3.0
141 silly idealTree ├── combined-stream@0.0.7
141 silly idealTree ├── commander@2.9.0
141 silly idealTree ├── commondir@0.0.1
141 silly idealTree ├── compressible@2.0.8
141 silly idealTree ├── compression@1.6.2
141 silly idealTree ├── concat-map@0.0.1
141 silly idealTree ├── concat-stream@1.4.10
141 silly idealTree ├─┬ concat-with-sourcemaps@1.0.4
141 silly idealTree │ └── source-map@0.5.6
141 silly idealTree ├── configstore@1.4.0
141 silly idealTree ├── console-browserify@1.1.0
141 silly idealTree ├── constants-browserify@0.0.1
141 silly idealTree ├── content-disposition@0.5.1
141 silly idealTree ├── content-type@1.0.2
141 silly idealTree ├── convert-source-map@0.3.5
141 silly idealTree ├── cookie-signature@1.0.6
141 silly idealTree ├── cookie@0.3.1
141 silly idealTree ├── cordova-app-hello-world@3.10.0
141 silly idealTree ├─┬ cordova-common@1.4.1
141 silly idealTree │ ├── q@1.4.1
141 silly idealTree │ └── underscore@1.8.3
141 silly idealTree ├─┬ cordova-fetch@1.0.1
141 silly idealTree │ ├── glob@7.1.1
141 silly idealTree │ ├── q@1.4.1
141 silly idealTree │ └── shelljs@0.7.4
141 silly idealTree ├── cordova-js@4.1.4
141 silly idealTree ├─┬ cordova-lib@6.3.1
141 silly idealTree │ ├── nopt@3.0.6
141 silly idealTree │ ├── semver@4.3.6
141 silly idealTree │ ├── shelljs@0.3.0
141 silly idealTree │ └── unorm@1.3.3
141 silly idealTree ├── cordova-registry-mapper@1.1.15
141 silly idealTree ├─┬ cordova-serve@1.0.0
141 silly idealTree │ └── q@1.4.1
141 silly idealTree ├── cordova@6.3.1
141 silly idealTree ├── core-util-is@1.0.2
141 silly idealTree ├── create-ecdh@4.0.0
141 silly idealTree ├── create-hash@1.1.2
141 silly idealTree ├── create-hmac@1.1.4
141 silly idealTree ├── cryptiles@0.2.2
141 silly idealTree ├── crypto-browserify@3.11.0
141 silly idealTree ├── ctype@0.5.3
141 silly idealTree ├── currently-unhandled@0.4.1
141 silly idealTree ├─┬ dashdash@1.14.0
141 silly idealTree │ └── assert-plus@1.0.0
141 silly idealTree ├── date-now@0.1.4
141 silly idealTree ├── dateformat@1.0.12
141 silly idealTree ├── debug@2.2.0
141 silly idealTree ├── decamelize@1.2.0
141 silly idealTree ├── deep-equal@1.0.1
141 silly idealTree ├── deep-extend@0.4.1
141 silly idealTree ├── defaults@1.0.3
141 silly idealTree ├── defined@1.0.0
141 silly idealTree ├── delayed-stream@0.0.5
141 silly idealTree ├─┬ dep-graph@1.1.0
141 silly idealTree │ └── underscore@1.2.1
141 silly idealTree ├── depd@1.1.0
141 silly idealTree ├─┬ dependency-ls@1.0.0
141 silly idealTree │ └── q@1.4.1
141 silly idealTree ├── deprecated@0.0.1
141 silly idealTree ├── deps-sort@1.3.9
141 silly idealTree ├── des.js@1.0.0
141 silly idealTree ├── destroy@1.0.4
141 silly idealTree ├── detect-file@0.1.0
141 silly idealTree ├─┬ detective@4.3.2
141 silly idealTree │ └── acorn@3.3.0
141 silly idealTree ├── diffie-hellman@5.0.2
141 silly idealTree ├── domain-browser@1.1.7
141 silly idealTree ├── duplexer2@0.0.2
141 silly idealTree ├─┬ duplexify@3.5.0
141 silly idealTree │ ├── isarray@1.0.0
141 silly idealTree │ └── readable-stream@2.1.5
141 silly idealTree ├── ecc-jsbn@0.1.1
141 silly idealTree ├── ee-first@1.1.1
141 silly idealTree ├── elementtree@0.1.6
141 silly idealTree ├── elliptic@6.3.2
141 silly idealTree ├── encodeurl@1.0.1
141 silly idealTree ├─┬ end-of-stream@1.0.0
141 silly idealTree │ └── once@1.3.3
141 silly idealTree ├── error-ex@1.3.0
141 silly idealTree ├── escape-html@1.0.3
141 silly idealTree ├── escape-string-regexp@1.0.5
141 silly idealTree ├── etag@1.7.0
141 silly idealTree ├── events@1.0.2
141 silly idealTree ├── evp_bytestokey@1.0.0
141 silly idealTree ├── exit-hook@1.1.1
141 silly idealTree ├── expand-brackets@0.1.5
141 silly idealTree ├── expand-range@1.8.2
141 silly idealTree ├── expand-tilde@1.2.2
141 silly idealTree ├── express@4.14.0
141 silly idealTree ├── extend@3.0.0
141 silly idealTree ├── extglob@0.3.2
141 silly idealTree ├── extsprintf@1.0.2
141 silly idealTree ├── falafel@1.2.0
141 silly idealTree ├── fancy-log@1.2.0
141 silly idealTree ├── figures@1.7.0
141 silly idealTree ├── filename-regex@2.0.0
141 silly idealTree ├── fill-range@2.2.3
141 silly idealTree ├── finalhandler@0.5.0
141 silly idealTree ├── find-index@0.1.1
141 silly idealTree ├── find-up@1.1.2
141 silly idealTree ├── findup-sync@0.4.3
141 silly idealTree ├── fined@1.0.2
141 silly idealTree ├── first-chunk-stream@1.0.0
141 silly idealTree ├── flagged-respawn@0.3.2
141 silly idealTree ├── for-in@0.1.6
141 silly idealTree ├── for-own@0.1.4
141 silly idealTree ├── foreach@2.0.5
141 silly idealTree ├── forever-agent@0.5.2
141 silly idealTree ├─┬ form-data@0.1.4
141 silly idealTree │ └── mime@1.2.11
141 silly idealTree ├── forwarded@0.1.0
141 silly idealTree ├── fresh@0.3.0
141 silly idealTree ├── fs-exists-sync@0.1.0
141 silly idealTree ├── fs.realpath@1.0.0
141 silly idealTree ├── fstream@1.0.10
141 silly idealTree ├── function-bind@1.1.0
141 silly idealTree ├── gaze@0.5.2
141 silly idealTree ├── generate-function@2.0.0
141 silly idealTree ├── generate-object-property@1.2.0
141 silly idealTree ├── get-stdin@4.0.1
141 silly idealTree ├─┬ getpass@0.1.6
141 silly idealTree │ └── assert-plus@1.0.0
141 silly idealTree ├── glob-base@0.3.0
141 silly idealTree ├── glob-parent@2.0.0
141 silly idealTree ├─┬ glob-stream@3.1.18
141 silly idealTree │ ├── glob@4.5.3
141 silly idealTree │ ├── minimatch@2.0.10
141 silly idealTree │ ├── readable-stream@1.0.34
141 silly idealTree │ └── through2@0.6.5
141 silly idealTree ├── glob-watcher@0.0.6
141 silly idealTree ├── glob@5.0.15
141 silly idealTree ├── glob2base@0.0.12
141 silly idealTree ├── global-modules@0.2.3
141 silly idealTree ├── global-prefix@0.1.4
141 silly idealTree ├─┬ globule@0.1.0
141 silly idealTree │ ├── glob@3.1.21
141 silly idealTree │ ├── graceful-fs@1.2.3
141 silly idealTree │ ├── inherits@1.0.2
141 silly idealTree │ ├── lodash@1.0.2
141 silly idealTree │ └── minimatch@0.2.14
141 silly idealTree ├── glogg@1.0.0
141 silly idealTree ├─┬ got@3.3.1
141 silly idealTree │ └── object-assign@3.0.0
141 silly idealTree ├── graceful-fs@4.1.9
141 silly idealTree ├── graceful-readlink@1.0.1
141 silly idealTree ├─┬ gulp-concat@2.6.0
141 silly idealTree │ ├── readable-stream@1.0.34
141 silly idealTree │ └── through2@0.6.5
141 silly idealTree ├─┬ gulp-util@3.0.7
141 silly idealTree │ ├── isarray@1.0.0
141 silly idealTree │ ├── object-assign@3.0.0
141 silly idealTree │ ├── readable-stream@2.0.6
141 silly idealTree │ └── through2@2.0.1
141 silly idealTree ├─┬ gulp@3.9.1
141 silly idealTree │ └── semver@4.3.6
141 silly idealTree ├── gulplog@1.0.0
141 silly idealTree ├── har-validator@2.0.6
141 silly idealTree ├── has-ansi@2.0.0
141 silly idealTree ├── has-gulplog@0.1.0
141 silly idealTree ├── has@1.0.1
141 silly idealTree ├── hash.js@1.0.3
141 silly idealTree ├── hawk@1.1.1
141 silly idealTree ├── hoek@0.9.1
141 silly idealTree ├── hosted-git-info@2.1.5
141 silly idealTree ├── htmlescape@1.1.1
141 silly idealTree ├── http-browserify@1.7.0
141 silly idealTree ├─┬ http-errors@1.5.0
141 silly idealTree │ └── inherits@2.0.1
141 silly idealTree ├── http-signature@0.10.1
141 silly idealTree ├── https-browserify@0.0.1
141 silly idealTree ├── ieee754@1.1.8
141 silly idealTree ├── imurmurhash@0.1.4
141 silly idealTree ├─┬ indent-string@2.1.0
141 silly idealTree │ └── repeating@2.0.1
141 silly idealTree ├── indexof@0.0.1
141 silly idealTree ├── infinity-agent@2.0.3
141 silly idealTree ├── inflight@1.0.6
141 silly idealTree ├── inherits@2.0.3
141 silly idealTree ├── ini@1.3.4
141 silly idealTree ├─┬ init-package-json@1.9.4
141 silly idealTree │ └── glob@6.0.4
141 silly idealTree ├─┬ inline-source-map@0.3.1
141 silly idealTree │ └── source-map@0.3.0
141 silly idealTree ├── inquirer@0.10.1
141 silly idealTree ├─┬ insert-module-globals@6.6.3
141 silly idealTree │ ├── combine-source-map@0.6.1
141 silly idealTree │ ├── convert-source-map@1.1.3
141 silly idealTree │ ├── inline-source-map@0.5.0
141 silly idealTree │ └── source-map@0.4.4
141 silly idealTree ├─┬ insight@0.8.3
141 silly idealTree │ ├── assert-plus@0.2.0
141 silly idealTree │ ├── async@1.5.2
141 silly idealTree │ ├── aws-sign2@0.6.0
141 silly idealTree │ ├── boom@2.10.1
141 silly idealTree │ ├── caseless@0.11.0
141 silly idealTree │ ├── combined-stream@1.0.5
141 silly idealTree │ ├── cryptiles@2.0.5
141 silly idealTree │ ├── delayed-stream@1.0.0
141 silly idealTree │ ├── forever-agent@0.6.1
141 silly idealTree │ ├── form-data@2.1.1
141 silly idealTree │ ├── hawk@3.1.3
141 silly idealTree │ ├── hoek@2.16.3
141 silly idealTree │ ├── http-signature@1.1.1
141 silly idealTree │ ├── oauth-sign@0.8.2
141 silly idealTree │ ├── qs@6.3.0
141 silly idealTree │ ├── request@2.76.0
141 silly idealTree │ └── sntp@1.0.9
141 silly idealTree ├── interpret@1.0.1
141 silly idealTree ├── ipaddr.js@1.1.1
141 silly idealTree ├── is-absolute@0.2.6
141 silly idealTree ├── is-arrayish@0.2.1
141 silly idealTree ├── is-buffer@1.1.4
141 silly idealTree ├── is-builtin-module@1.0.0
141 silly idealTree ├── is-dotfile@1.0.2
141 silly idealTree ├── is-equal-shallow@0.1.3
141 silly idealTree ├── is-extendable@0.1.1
141 silly idealTree ├── is-extglob@1.0.0
141 silly idealTree ├── is-finite@1.0.2
141 silly idealTree ├── is-fullwidth-code-point@1.0.0
141 silly idealTree ├── is-glob@2.0.1
141 silly idealTree ├── is-my-json-valid@2.15.0
141 silly idealTree ├── is-npm@1.0.0
141 silly idealTree ├── is-number@2.1.0
141 silly idealTree ├── is-posix-bracket@0.1.1
141 silly idealTree ├── is-primitive@2.0.0
141 silly idealTree ├── is-property@1.0.2
141 silly idealTree ├── is-redirect@1.0.0
141 silly idealTree ├── is-relative@0.2.1
141 silly idealTree ├── is-stream@1.1.0
141 silly idealTree ├── is-typedarray@1.0.0
141 silly idealTree ├── is-unc-path@0.1.1
141 silly idealTree ├── is-url@1.2.2
141 silly idealTree ├── is-utf8@0.2.1
141 silly idealTree ├── is-windows@0.2.0
141 silly idealTree ├── isarray@0.0.1
141 silly idealTree ├── isexe@1.1.2
141 silly idealTree ├─┬ isobject@2.1.0
141 silly idealTree │ └── isarray@1.0.0
141 silly idealTree ├── isstream@0.1.2
141 silly idealTree ├── jju@1.3.0
141 silly idealTree ├── jodid25519@1.0.2
141 silly idealTree ├── jsbn@0.1.0
141 silly idealTree ├── json-parse-helpfulerror@1.0.3
141 silly idealTree ├── json-schema@0.2.3
141 silly idealTree ├── json-stable-stringify@0.0.1
141 silly idealTree ├── json-stringify-safe@5.0.1
141 silly idealTree ├── jsonify@0.0.0
141 silly idealTree ├── jsonparse@1.2.0
141 silly idealTree ├── jsonpointer@4.0.0
141 silly idealTree ├── JSONStream@1.2.1
141 silly idealTree ├── jsprim@1.3.1
141 silly idealTree ├── kind-of@3.0.4
141 silly idealTree ├── labeled-stream-splicer@1.0.2
141 silly idealTree ├── latest-version@1.0.1
141 silly idealTree ├── lexical-scope@1.2.0
141 silly idealTree ├── liftoff@2.3.0
141 silly idealTree ├── load-json-file@1.1.0
141 silly idealTree ├── lodash._basecopy@3.0.1
141 silly idealTree ├── lodash._basetostring@3.0.1
141 silly idealTree ├── lodash._basevalues@3.0.0
141 silly idealTree ├── lodash._getnative@3.9.1
141 silly idealTree ├── lodash._isiterateecall@3.0.9
141 silly idealTree ├── lodash._reescape@3.0.0
141 silly idealTree ├── lodash._reevaluate@3.0.0
141 silly idealTree ├── lodash._reinterpolate@3.0.0
141 silly idealTree ├── lodash._root@3.0.1
141 silly idealTree ├── lodash.assignwith@4.2.0
141 silly idealTree ├── lodash.debounce@3.1.1
141 silly idealTree ├── lodash.escape@3.2.0
141 silly idealTree ├── lodash.isarguments@3.1.0
141 silly idealTree ├── lodash.isarray@3.0.4
141 silly idealTree ├── lodash.isempty@4.4.0
141 silly idealTree ├── lodash.isplainobject@4.0.6
141 silly idealTree ├── lodash.isstring@4.0.1
141 silly idealTree ├── lodash.keys@3.1.2
141 silly idealTree ├── lodash.mapvalues@4.6.0
141 silly idealTree ├── lodash.memoize@3.0.4
141 silly idealTree ├── lodash.pick@4.4.0
141 silly idealTree ├── lodash.restparam@3.6.1
141 silly idealTree ├── lodash.template@3.6.2
141 silly idealTree ├── lodash.templatesettings@3.1.1
141 silly idealTree ├── lodash@3.10.1
141 silly idealTree ├── loud-rejection@1.6.0
141 silly idealTree ├── lowercase-keys@1.0.0
141 silly idealTree ├── lru-cache@2.7.3
141 silly idealTree ├── map-cache@0.2.2
141 silly idealTree ├── map-obj@1.0.1
141 silly idealTree ├── media-typer@0.3.0
141 silly idealTree ├── meow@3.7.0
141 silly idealTree ├── merge-descriptors@1.0.1
141 silly idealTree ├── methods@1.1.2
141 silly idealTree ├── micromatch@2.3.11
141 silly idealTree ├── miller-rabin@4.0.0
141 silly idealTree ├── mime-db@1.24.0
141 silly idealTree ├── mime-types@2.1.12
141 silly idealTree ├── mime@1.3.4
141 silly idealTree ├── minimalistic-assert@1.0.0
141 silly idealTree ├── minimatch@3.0.3
141 silly idealTree ├── minimist@1.2.0
141 silly idealTree ├─┬ mkdirp@0.5.1
141 silly idealTree │ └── minimist@0.0.8
141 silly idealTree ├── module-deps@3.9.1
141 silly idealTree ├── ms@0.7.1
141 silly idealTree ├── multipipe@0.1.2
141 silly idealTree ├── mute-stream@0.0.6
141 silly idealTree ├── natives@1.1.0
141 silly idealTree ├── negotiator@0.6.1
141 silly idealTree ├── nested-error-stacks@1.0.2
141 silly idealTree ├── node-uuid@1.4.7
141 silly idealTree ├── nopt@3.0.1
141 silly idealTree ├── normalize-package-data@2.3.5
141 silly idealTree ├── normalize-path@2.0.1
141 silly idealTree ├── npm-package-arg@4.2.0
141 silly idealTree ├─┬ npm@2.15.11
141 silly idealTree │ ├── abbrev@1.0.9
141 silly idealTree │ ├── ansi-regex@2.0.0
141 silly idealTree │ ├── ansi@0.3.1
141 silly idealTree │ ├── ansicolors@0.3.2
141 silly idealTree │ ├── ansistyles@0.1.3
141 silly idealTree │ ├── archy@1.0.0
141 silly idealTree │ ├── async-some@1.0.2
141 silly idealTree │ ├── block-stream@0.0.9
141 silly idealTree │ ├── char-spinner@1.0.1
141 silly idealTree │ ├── chmodr@1.0.2
141 silly idealTree │ ├── chownr@1.0.1
141 silly idealTree │ ├── cmd-shim@2.0.2
141 silly idealTree │ ├─┬ columnify@1.5.4
141 silly idealTree │ │ └─┬ wcwidth@1.0.0
141 silly idealTree │ │   └─┬ defaults@1.0.3
141 silly idealTree │ │     └── clone@1.0.2
141 silly idealTree │ ├─┬ config-chain@1.1.10
141 silly idealTree │ │ └── proto-list@1.2.4
141 silly idealTree │ ├─┬ dezalgo@1.0.3
141 silly idealTree │ │ └── asap@2.0.3
141 silly idealTree │ ├── editor@1.0.0
141 silly idealTree │ ├── fs-vacuum@1.2.9
141 silly idealTree │ ├─┬ fs-write-stream-atomic@1.0.8
141 silly idealTree │ │ └── iferr@0.1.5
141 silly idealTree │ ├─┬ fstream-npm@1.1.1
141 silly idealTree │ │ └── fstream-ignore@1.0.5
141 silly idealTree │ ├── fstream@1.0.10
141 silly idealTree │ ├── github-url-from-git@1.4.0
141 silly idealTree │ ├── github-url-from-username-repo@1.0.2
141 silly idealTree │ ├─┬ glob@7.0.6
141 silly idealTree │ │ ├── fs.realpath@1.0.0
141 silly idealTree │ │ └── path-is-absolute@1.0.0
141 silly idealTree │ ├── graceful-fs@4.1.6
141 silly idealTree │ ├── hosted-git-info@2.1.5
141 silly idealTree │ ├── imurmurhash@0.1.4
141 silly idealTree │ ├── inflight@1.0.5
141 silly idealTree │ ├── inherits@2.0.3
141 silly idealTree │ ├── ini@1.3.4
141 silly idealTree │ ├─┬ init-package-json@1.9.4
141 silly idealTree │ │ ├─┬ glob@6.0.4
141 silly idealTree │ │ │ └── path-is-absolute@1.0.0
141 silly idealTree │ │ └── promzard@0.3.0
141 silly idealTree │ ├── lockfile@1.0.1
141 silly idealTree │ ├─┬ lru-cache@4.0.1
141 silly idealTree │ │ ├── pseudomap@1.0.2
141 silly idealTree │ │ └── yallist@2.0.0
141 silly idealTree │ ├─┬ minimatch@3.0.3
141 silly idealTree │ │ └─┬ brace-expansion@1.1.6
141 silly idealTree │ │   ├── balanced-match@0.4.2
141 silly idealTree │ │   └── concat-map@0.0.1
141 silly idealTree │ ├─┬ mkdirp@0.5.1
141 silly idealTree │ │ └── minimist@0.0.8
141 silly idealTree │ ├─┬ node-gyp@3.4.0
141 silly idealTree │ │ └─┬ path-array@1.0.1
141 silly idealTree │ │   └─┬ array-index@1.0.0
141 silly idealTree │ │     ├─┬ debug@2.2.0
141 silly idealTree │ │     │ └── ms@0.7.1
141 silly idealTree │ │     └─┬ es6-symbol@3.1.0
141 silly idealTree │ │       ├── d@0.1.1
141 silly idealTree │ │       └─┬ es5-ext@0.10.12
141 silly idealTree │ │         └── es6-iterator@2.0.0
141 silly idealTree │ ├── nopt@3.0.6
141 silly idealTree │ ├── normalize-git-url@3.0.2
141 silly idealTree │ ├─┬ normalize-package-data@2.3.5
141 silly idealTree │ │ └─┬ is-builtin-module@1.0.0
141 silly idealTree │ │   └── builtin-modules@1.1.0
141 silly idealTree │ ├── npm-cache-filename@1.0.2
141 silly idealTree │ ├── npm-install-checks@1.0.7
141 silly idealTree │ ├── npm-package-arg@4.1.0
141 silly idealTree │ ├─┬ npm-registry-client@7.2.1
141 silly idealTree │ │ ├─┬ concat-stream@1.5.2
141 silly idealTree │ │ │ ├─┬ readable-stream@2.0.6
141 silly idealTree │ │ │ │ ├── core-util-is@1.0.2
141 silly idealTree │ │ │ │ ├── isarray@1.0.0
141 silly idealTree │ │ │ │ ├── process-nextick-args@1.0.7
141 silly idealTree │ │ │ │ ├── string_decoder@0.10.31
141 silly idealTree │ │ │ │ └── util-deprecate@1.0.2
141 silly idealTree │ │ │ └── typedarray@0.0.6
141 silly idealTree │ │ └── retry@0.10.0
141 silly idealTree │ ├── npm-user-validate@0.1.5
141 silly idealTree │ ├─┬ npmlog@2.0.4
141 silly idealTree │ │ ├─┬ are-we-there-yet@1.1.2
141 silly idealTree │ │ │ └── delegates@1.0.0
141 silly idealTree │ │ └─┬ gauge@1.2.7
141 silly idealTree │ │   ├── has-unicode@2.0.0
141 silly idealTree │ │   ├── lodash._baseslice@4.0.0
141 silly idealTree │ │   ├── lodash._basetostring@4.12.0
141 silly idealTree │ │   ├── lodash.pad@4.4.0
141 silly idealTree │ │   ├── lodash.padend@4.5.0
141 silly idealTree │ │   ├── lodash.padstart@4.5.0
141 silly idealTree │ │   └── lodash.tostring@4.1.4
141 silly idealTree │ ├── once@1.4.0
141 silly idealTree │ ├── opener@1.4.1
141 silly idealTree │ ├─┬ osenv@0.1.3
141 silly idealTree │ │ ├── os-homedir@1.0.0
141 silly idealTree │ │ └── os-tmpdir@1.0.1
141 silly idealTree │ ├── path-is-inside@1.0.1
141 silly idealTree │ ├─┬ read-installed@4.0.3
141 silly idealTree │ │ ├── debuglog@1.0.1
141 silly idealTree │ │ ├── readdir-scoped-modules@1.0.2
141 silly idealTree │ │ └── util-extend@1.0.1
141 silly idealTree │ ├─┬ read-package-json@2.0.4
141 silly idealTree │ │ ├─┬ glob@6.0.4
141 silly idealTree │ │ │ └── path-is-absolute@1.0.0
141 silly idealTree │ │ └─┬ json-parse-helpfulerror@1.0.3
141 silly idealTree │ │   └── jju@1.3.0
141 silly idealTree │ ├─┬ read@1.0.7
141 silly idealTree │ │ └── mute-stream@0.0.5
141 silly idealTree │ ├─┬ readable-stream@2.1.5
141 silly idealTree │ │ ├── buffer-shims@1.0.0
141 silly idealTree │ │ ├── core-util-is@1.0.2
141 silly idealTree │ │ ├── isarray@1.0.0
141 silly idealTree │ │ ├── process-nextick-args@1.0.7
141 silly idealTree │ │ ├── string_decoder@0.10.31
141 silly idealTree │ │ └── util-deprecate@1.0.2
141 silly idealTree │ ├── realize-package-specifier@3.0.1
141 silly idealTree │ ├─┬ request@2.74.0
141 silly idealTree │ │ ├── aws-sign2@0.6.0
141 silly idealTree │ │ ├── aws4@1.4.1
141 silly idealTree │ │ ├─┬ bl@1.1.2
141 silly idealTree │ │ │ └─┬ readable-stream@2.0.6
141 silly idealTree │ │ │   ├── core-util-is@1.0.2
141 silly idealTree │ │ │   ├── isarray@1.0.0
141 silly idealTree │ │ │   ├── process-nextick-args@1.0.7
141 silly idealTree │ │ │   ├── string_decoder@0.10.31
141 silly idealTree │ │ │   └── util-deprecate@1.0.2
141 silly idealTree │ │ ├── caseless@0.11.0
141 silly idealTree │ │ ├─┬ combined-stream@1.0.5
141 silly idealTree │ │ │ └── delayed-stream@1.0.0
141 silly idealTree │ │ ├── extend@3.0.0
141 silly idealTree │ │ ├── forever-agent@0.6.1
141 silly idealTree │ │ ├─┬ form-data@1.0.0-rc4
141 silly idealTree │ │ │ └── async@1.5.2
141 silly idealTree │ │ ├─┬ har-validator@2.0.6
141 silly idealTree │ │ │ ├─┬ chalk@1.1.3
141 silly idealTree │ │ │ │ ├── ansi-styles@2.2.1
141 silly idealTree │ │ │ │ ├── escape-string-regexp@1.0.5
141 silly idealTree │ │ │ │ ├── has-ansi@2.0.0
141 silly idealTree │ │ │ │ └── supports-color@2.0.0
141 silly idealTree │ │ │ ├─┬ commander@2.9.0
141 silly idealTree │ │ │ │ └── graceful-readlink@1.0.1
141 silly idealTree │ │ │ ├─┬ is-my-json-valid@2.13.1
141 silly idealTree │ │ │ │ ├── generate-function@2.0.0
141 silly idealTree │ │ │ │ ├─┬ generate-object-property@1.2.0
141 silly idealTree │ │ │ │ │ └── is-property@1.0.2
141 silly idealTree │ │ │ │ ├── jsonpointer@2.0.0
141 silly idealTree │ │ │ │ └── xtend@4.0.1
141 silly idealTree │ │ │ └─┬ pinkie-promise@2.0.1
141 silly idealTree │ │ │   └── pinkie@2.0.4
141 silly idealTree │ │ ├─┬ hawk@3.1.3
141 silly idealTree │ │ │ ├── boom@2.10.1
141 silly idealTree │ │ │ ├── cryptiles@2.0.5
141 silly idealTree │ │ │ ├── hoek@2.16.3
141 silly idealTree │ │ │ └── sntp@1.0.9
141 silly idealTree │ │ ├─┬ http-signature@1.1.1
141 silly idealTree │ │ │ ├── assert-plus@0.2.0
141 silly idealTree │ │ │ ├─┬ jsprim@1.3.0
141 silly idealTree │ │ │ │ ├── extsprintf@1.0.2
141 silly idealTree │ │ │ │ ├── json-schema@0.2.2
141 silly idealTree │ │ │ │ └── verror@1.3.6
141 silly idealTree │ │ │ └─┬ sshpk@1.9.2
141 silly idealTree │ │ │   ├── asn1@0.2.3
141 silly idealTree │ │ │   ├── assert-plus@1.0.0
141 silly idealTree │ │ │   ├── dashdash@1.14.0
141 silly idealTree │ │ │   ├── ecc-jsbn@0.1.1
141 silly idealTree │ │ │   ├── getpass@0.1.6
141 silly idealTree │ │ │   ├── jodid25519@1.0.2
141 silly idealTree │ │ │   ├── jsbn@0.1.0
141 silly idealTree │ │ │   └── tweetnacl@0.13.3
141 silly idealTree │ │ ├── is-typedarray@1.0.0
141 silly idealTree │ │ ├── isstream@0.1.2
141 silly idealTree │ │ ├── json-stringify-safe@5.0.1
141 silly idealTree │ │ ├─┬ mime-types@2.1.11
141 silly idealTree │ │ │ └── mime-db@1.23.0
141 silly idealTree │ │ ├── node-uuid@1.4.7
141 silly idealTree │ │ ├── oauth-sign@0.8.2
141 silly idealTree │ │ ├── qs@6.2.1
141 silly idealTree │ │ ├── stringstream@0.0.5
141 silly idealTree │ │ ├── tough-cookie@2.3.1
141 silly idealTree │ │ └── tunnel-agent@0.4.3
141 silly idealTree │ ├── retry@0.10.0
141 silly idealTree │ ├── rimraf@2.5.4
141 silly idealTree │ ├── semver@5.1.0
141 silly idealTree │ ├─┬ sha@2.0.1
141 silly idealTree │ │ └─┬ readable-stream@2.0.2
141 silly idealTree │ │   ├── core-util-is@1.0.1
141 silly idealTree │ │   ├── isarray@0.0.1
141 silly idealTree │ │   ├── process-nextick-args@1.0.3
141 silly idealTree │ │   ├── string_decoder@0.10.31
141 silly idealTree │ │   └── util-deprecate@1.0.1
141 silly idealTree │ ├── slide@1.1.6
141 silly idealTree │ ├── sorted-object@2.0.0
141 silly idealTree │ ├── spdx-license-ids@1.2.2
141 silly idealTree │ ├── strip-ansi@3.0.1
141 silly idealTree │ ├── tar@2.2.1
141 silly idealTree │ ├── text-table@0.2.0
141 silly idealTree │ ├── uid-number@0.0.6
141 silly idealTree │ ├── umask@1.1.0
141 silly idealTree │ ├─┬ validate-npm-package-license@3.0.1
141 silly idealTree │ │ ├── spdx-correct@1.0.2
141 silly idealTree │ │ └─┬ spdx-expression-parse@1.0.2
141 silly idealTree │ │   └── spdx-exceptions@1.0.4
141 silly idealTree │ ├─┬ validate-npm-package-name@2.2.2
141 silly idealTree │ │ └── builtins@0.0.7
141 silly idealTree │ ├─┬ which@1.2.11
141 silly idealTree │ │ └── isexe@1.1.2
141 silly idealTree │ ├── wrappy@1.0.2
141 silly idealTree │ └── write-file-atomic@1.1.4
141 silly idealTree ├── number-is-nan@1.0.1
141 silly idealTree ├── oauth-sign@0.4.0
141 silly idealTree ├── object-assign@4.1.0
141 silly idealTree ├── object-keys@1.0.11
141 silly idealTree ├── object.omit@2.0.0
141 silly idealTree ├── on-finished@2.3.0
141 silly idealTree ├── on-headers@1.0.1
141 silly idealTree ├── once@1.4.0
141 silly idealTree ├── onetime@1.1.0
141 silly idealTree ├── opener@1.4.1
141 silly idealTree ├─┬ orchestrator@0.3.7
141 silly idealTree │ ├── end-of-stream@0.1.5
141 silly idealTree │ └── once@1.3.3
141 silly idealTree ├── ordered-read-streams@0.1.0
141 silly idealTree ├── os-browserify@0.1.2
141 silly idealTree ├── os-homedir@1.0.2
141 silly idealTree ├── os-name@1.0.3
141 silly idealTree ├── os-tmpdir@1.0.2
141 silly idealTree ├── osenv@0.1.3
141 silly idealTree ├── osx-release@1.1.0
141 silly idealTree ├── package-json@1.2.0
141 silly idealTree ├── pako@0.2.9
141 silly idealTree ├── parents@1.0.1
141 silly idealTree ├── parse-asn1@5.0.0
141 silly idealTree ├── parse-filepath@1.0.1
141 silly idealTree ├── parse-glob@3.0.4
141 silly idealTree ├── parse-json@2.2.0
141 silly idealTree ├── parseurl@1.3.1
141 silly idealTree ├── path-browserify@0.0.0
141 silly idealTree ├── path-exists@2.1.0
141 silly idealTree ├── path-is-absolute@1.0.1
141 silly idealTree ├── path-platform@0.11.15
141 silly idealTree ├── path-root-regex@0.1.2
141 silly idealTree ├── path-root@0.1.1
141 silly idealTree ├── path-to-regexp@0.1.7
141 silly idealTree ├── path-type@1.1.0
141 silly idealTree ├── pbkdf2@3.0.9
141 silly idealTree ├── pegjs@0.9.0
141 silly idealTree ├── pify@2.3.0
141 silly idealTree ├── pinkie-promise@2.0.1
141 silly idealTree ├── pinkie@2.0.4
141 silly idealTree ├── plist@1.2.0
141 silly idealTree ├── prepend-http@1.0.4
141 silly idealTree ├── preserve@0.2.0
141 silly idealTree ├── pretty-hrtime@1.0.2
141 silly idealTree ├── process-nextick-args@1.0.7
141 silly idealTree ├── process@0.11.9
141 silly idealTree ├── promzard@0.3.0
141 silly idealTree ├── properties-parser@0.2.3
141 silly idealTree ├── proxy-addr@1.1.2
141 silly idealTree ├── public-encrypt@4.0.0
141 silly idealTree ├── punycode@1.4.1
141 silly idealTree ├── q@1.0.1
141 silly idealTree ├── qs@6.2.0
141 silly idealTree ├── querystring-es3@0.2.1
141 silly idealTree ├── querystring@0.2.0
141 silly idealTree ├── randomatic@1.1.5
141 silly idealTree ├── randombytes@2.0.3
141 silly idealTree ├── range-parser@1.2.0
141 silly idealTree ├── rc@1.1.6
141 silly idealTree ├─┬ read-all-stream@3.1.0
141 silly idealTree │ ├── isarray@1.0.0
141 silly idealTree │ └── readable-stream@2.1.5
141 silly idealTree ├── read-only-stream@1.1.1
141 silly idealTree ├─┬ read-package-json@2.0.4
141 silly idealTree │ └── glob@6.0.4
141 silly idealTree ├── read-pkg-up@1.0.1
141 silly idealTree ├── read-pkg@1.1.0
141 silly idealTree ├── read@1.0.7
141 silly idealTree ├── readable-stream@1.1.14
141 silly idealTree ├── readable-wrap@1.0.0
141 silly idealTree ├─┬ readline2@1.0.1
141 silly idealTree │ └── mute-stream@0.0.5
141 silly idealTree ├── rechoir@0.6.2
141 silly idealTree ├── redent@1.0.0
141 silly idealTree ├── regex-cache@0.4.3
141 silly idealTree ├── registry-url@3.1.0
141 silly idealTree ├── repeat-element@1.1.2
141 silly idealTree ├── repeat-string@1.6.1
141 silly idealTree ├── repeating@1.1.3
141 silly idealTree ├── replace-ext@0.0.1
141 silly idealTree ├─┬ request@2.47.0
141 silly idealTree │ ├── mime-types@1.0.2
141 silly idealTree │ └── qs@2.3.3
141 silly idealTree ├── resolve-dir@0.1.1
141 silly idealTree ├── resolve@1.1.7
141 silly idealTree ├── restore-cursor@1.0.1
141 silly idealTree ├─┬ rimraf@2.5.4
141 silly idealTree │ └── glob@7.1.1
141 silly idealTree ├── ripemd160@1.0.1
141 silly idealTree ├── run-async@0.1.0
141 silly idealTree ├── rx-lite@3.1.2
141 silly idealTree ├── sax@0.3.5
141 silly idealTree ├── semver-diff@2.1.0
141 silly idealTree ├── semver@5.3.0
141 silly idealTree ├── send@0.14.1
141 silly idealTree ├── sequencify@0.0.7
141 silly idealTree ├── serve-static@1.11.1
141 silly idealTree ├── setprototypeof@1.0.1
141 silly idealTree ├── sha.js@2.4.5
141 silly idealTree ├── shallow-copy@0.0.1
141 silly idealTree ├── shasum@1.0.2
141 silly idealTree ├── shell-quote@0.0.1
141 silly idealTree ├── shelljs@0.5.3
141 silly idealTree ├── sigmund@1.0.1
141 silly idealTree ├── signal-exit@3.0.1
141 silly idealTree ├─┬ simple-plist@0.1.4
141 silly idealTree │ └── bplist-parser@0.0.6
141 silly idealTree ├── slide@1.1.6
141 silly idealTree ├── sntp@0.2.4
141 silly idealTree ├── source-map@0.1.43
141 silly idealTree ├── sparkles@1.0.0
141 silly idealTree ├── spdx-correct@1.0.2
141 silly idealTree ├── spdx-expression-parse@1.0.4
141 silly idealTree ├── spdx-license-ids@1.2.2
141 silly idealTree ├─┬ sshpk@1.10.1
141 silly idealTree │ ├── asn1@0.2.3
141 silly idealTree │ └── assert-plus@1.0.0
141 silly idealTree ├── statuses@1.3.0
141 silly idealTree ├── stream-browserify@1.0.0
141 silly idealTree ├── stream-buffers@0.2.6
141 silly idealTree ├─┬ stream-combiner2@1.0.2
141 silly idealTree │ ├── readable-stream@1.0.34
141 silly idealTree │ ├── through2@0.5.1
141 silly idealTree │ └── xtend@3.0.0
141 silly idealTree ├── stream-consume@0.1.0
141 silly idealTree ├── stream-shift@1.0.0
141 silly idealTree ├── stream-splicer@1.3.2
141 silly idealTree ├── string_decoder@0.10.31
141 silly idealTree ├── string-length@1.0.1
141 silly idealTree ├── stringstream@0.0.5
141 silly idealTree ├── strip-ansi@3.0.1
141 silly idealTree ├── strip-bom@2.0.0
141 silly idealTree ├── strip-indent@1.0.1
141 silly idealTree ├── strip-json-comments@1.0.4
141 silly idealTree ├── subarg@1.0.0
141 silly idealTree ├── supports-color@2.0.0
141 silly idealTree ├─┬ syntax-error@1.1.6
141 silly idealTree │ └── acorn@2.7.0
141 silly idealTree ├── tar@1.0.2
141 silly idealTree ├── through@2.3.8
141 silly idealTree ├── through2@1.1.1
141 silly idealTree ├── tildify@1.2.0
141 silly idealTree ├── time-stamp@1.0.1
141 silly idealTree ├── timed-out@2.0.0
141 silly idealTree ├── timers-browserify@1.4.2
141 silly idealTree ├── tough-cookie@2.3.2
141 silly idealTree ├── trim-newlines@1.0.0
141 silly idealTree ├── tty-browserify@0.0.0
141 silly idealTree ├── tunnel-agent@0.4.3
141 silly idealTree ├── tweetnacl@0.14.3
141 silly idealTree ├── type-is@1.6.13
141 silly idealTree ├── typedarray@0.0.6
141 silly idealTree ├── umd@3.0.1
141 silly idealTree ├── unc-path-regex@0.1.2
141 silly idealTree ├── underscore@1.7.0
141 silly idealTree ├── unique-stream@1.0.0
141 silly idealTree ├── unorm@1.4.1
141 silly idealTree ├── unpipe@1.0.0
141 silly idealTree ├── update-notifier@0.5.0
141 silly idealTree ├─┬ url@0.10.3
141 silly idealTree │ └── punycode@1.3.2
141 silly idealTree ├── user-home@1.1.1
141 silly idealTree ├── util-deprecate@1.0.2
141 silly idealTree ├─┬ util@0.10.3
141 silly idealTree │ └── inherits@2.0.1
141 silly idealTree ├── utils-merge@1.0.0
141 silly idealTree ├── uuid@2.0.3
141 silly idealTree ├── v8flags@2.0.11
141 silly idealTree ├── valid-identifier@0.0.1
141 silly idealTree ├── validate-npm-package-license@3.0.1
141 silly idealTree ├── validate-npm-package-name@2.2.2
141 silly idealTree ├── vary@1.1.0
141 silly idealTree ├── verror@1.3.6
141 silly idealTree ├─┬ vinyl-fs@0.3.14
141 silly idealTree │ ├── clone@0.2.0
141 silly idealTree │ ├── graceful-fs@3.0.11
141 silly idealTree │ ├── readable-stream@1.0.34
141 silly idealTree │ ├── strip-bom@1.0.0
141 silly idealTree │ ├── through2@0.6.5
141 silly idealTree │ └── vinyl@0.4.6
141 silly idealTree ├── vinyl@0.5.3
141 silly idealTree ├── vm-browserify@0.0.4
141 silly idealTree ├── which@1.2.11
141 silly idealTree ├── win-release@1.1.1
141 silly idealTree ├── wrappy@1.0.2
141 silly idealTree ├── write-file-atomic@1.2.0
141 silly idealTree ├── xcode@0.8.9
141 silly idealTree ├── xdg-basedir@2.0.0
141 silly idealTree ├── xmlbuilder@4.0.0
141 silly idealTree ├── xmldom@0.1.22
141 silly idealTree └── xtend@4.0.1
142 silly generateActionsToTake Starting
143 silly install generateActionsToTake
144 silly generateActionsToTake Finishing
145 silly diffTrees action count 3
146 silly diffTrees add readable-stream@1.0.34
147 silly diffTrees add through2@0.6.5
148 silly diffTrees add gulp-concat@2.6.0
149 silly decomposeActions action count 24
150 silly decomposeActions fetch readable-stream@1.0.34
151 silly decomposeActions extract readable-stream@1.0.34
152 silly decomposeActions test readable-stream@1.0.34
153 silly decomposeActions preinstall readable-stream@1.0.34
154 silly decomposeActions build readable-stream@1.0.34
155 silly decomposeActions install readable-stream@1.0.34
156 silly decomposeActions postinstall readable-stream@1.0.34
157 silly decomposeActions finalize readable-stream@1.0.34
158 silly decomposeActions fetch through2@0.6.5
159 silly decomposeActions extract through2@0.6.5
160 silly decomposeActions test through2@0.6.5
161 silly decomposeActions preinstall through2@0.6.5
162 silly decomposeActions build through2@0.6.5
163 silly decomposeActions install through2@0.6.5
164 silly decomposeActions postinstall through2@0.6.5
165 silly decomposeActions finalize through2@0.6.5
166 silly decomposeActions fetch gulp-concat@2.6.0
167 silly decomposeActions extract gulp-concat@2.6.0
168 silly decomposeActions test gulp-concat@2.6.0
169 silly decomposeActions preinstall gulp-concat@2.6.0
170 silly decomposeActions build gulp-concat@2.6.0
171 silly decomposeActions install gulp-concat@2.6.0
172 silly decomposeActions postinstall gulp-concat@2.6.0
173 silly decomposeActions finalize gulp-concat@2.6.0
174 silly runTopLevelLifecycles Starting
175 silly executeActions Starting
176 silly install executeActions
177 silly doSerial global-install 0
178 silly doParallel fetch 3
179 verbose correctMkdir /home/pancakemutiny/.npm/_locks correctMkdir not in flight; initializing
180 verbose lock using /home/pancakemutiny/.npm/_locks/staging-bd0947f5c331a5e1.lock for /home/pancakemutiny/Desktop/collegeProjects/bankingApplication/node_modules/.staging
181 silly doParallel extract 3
182 silly extract readable-stream@1.0.34
183 silly extract through2@0.6.5
184 silly extract gulp-concat@2.6.0
185 verbose unbuild node_modules/.staging/readable-stream-907cdf7c
186 verbose unbuild node_modules/.staging/through2-b54294f7
187 verbose unbuild node_modules/.staging/gulp-concat-6bb42161
188 silly gentlyRm /home/pancakemutiny/Desktop/collegeProjects/bankingApplication/node_modules/.staging/readable-stream-907cdf7c is being purged from base /home/pancakemutiny/Desktop/collegeProjects/bankingApplication
189 verbose gentlyRm don't care about contents; nuking /home/pancakemutiny/Desktop/collegeProjects/bankingApplication/node_modules/.staging/readable-stream-907cdf7c
190 silly gentlyRm /home/pancakemutiny/Desktop/collegeProjects/bankingApplication/node_modules/.staging/through2-b54294f7 is being purged from base /home/pancakemutiny/Desktop/collegeProjects/bankingApplication
191 verbose gentlyRm don't care about contents; nuking /home/pancakemutiny/Desktop/collegeProjects/bankingApplication/node_modules/.staging/through2-b54294f7
192 verbose tar unpack /home/pancakemutiny/.npm/readable-stream/1.0.34/package.tgz
193 verbose tar unpacking to /home/pancakemutiny/Desktop/collegeProjects/bankingApplication/node_modules/.staging/readable-stream-907cdf7c
194 silly gentlyRm /home/pancakemutiny/Desktop/collegeProjects/bankingApplication/node_modules/.staging/readable-stream-907cdf7c is being purged
195 verbose gentlyRm don't care about contents; nuking /home/pancakemutiny/Desktop/collegeProjects/bankingApplication/node_modules/.staging/readable-stream-907cdf7c
196 silly gentlyRm /home/pancakemutiny/Desktop/collegeProjects/bankingApplication/node_modules/.staging/gulp-concat-6bb42161 is being purged from base /home/pancakemutiny/Desktop/collegeProjects/bankingApplication
197 verbose gentlyRm don't care about contents; nuking /home/pancakemutiny/Desktop/collegeProjects/bankingApplication/node_modules/.staging/gulp-concat-6bb42161
198 verbose tar unpack /home/pancakemutiny/.npm/through2/0.6.5/package.tgz
199 verbose tar unpacking to /home/pancakemutiny/Desktop/collegeProjects/bankingApplication/node_modules/.staging/through2-b54294f7
200 silly gentlyRm /home/pancakemutiny/Desktop/collegeProjects/bankingApplication/node_modules/.staging/through2-b54294f7 is being purged
201 verbose gentlyRm don't care about contents; nuking /home/pancakemutiny/Desktop/collegeProjects/bankingApplication/node_modules/.staging/through2-b54294f7
202 silly gunzTarPerm modes [ '755', '644' ]
203 verbose tar unpack /home/pancakemutiny/.npm/gulp-concat/2.6.0/package.tgz
204 verbose tar unpacking to /home/pancakemutiny/Desktop/collegeProjects/bankingApplication/node_modules/.staging/gulp-concat-6bb42161
205 silly gentlyRm /home/pancakemutiny/Desktop/collegeProjects/bankingApplication/node_modules/.staging/gulp-concat-6bb42161 is being purged
206 verbose gentlyRm don't care about contents; nuking /home/pancakemutiny/Desktop/collegeProjects/bankingApplication/node_modules/.staging/gulp-concat-6bb42161
207 silly gunzTarPerm modes [ '755', '644' ]
208 silly gunzTarPerm modes [ '755', '644' ]
209 silly gunzTarPerm extractEntry package.json
210 silly gunzTarPerm extractEntry package.json
211 silly gunzTarPerm modified mode [ 'package.json', 436, 420 ]
212 silly gunzTarPerm extractEntry package.json
213 silly gunzTarPerm extractEntry .npmignore
214 silly gunzTarPerm extractEntry README.md
215 silly gunzTarPerm extractEntry .npmignore
216 silly gunzTarPerm modified mode [ '.npmignore', 436, 420 ]
217 silly gunzTarPerm extractEntry README.md
218 silly gunzTarPerm modified mode [ 'README.md', 436, 420 ]
219 silly gunzTarPerm extractEntry README.md
220 silly gunzTarPerm extractEntry LICENSE
221 silly gunzTarPerm extractEntry LICENSE
222 silly gunzTarPerm modified mode [ 'LICENSE', 436, 420 ]
223 silly gunzTarPerm extractEntry through2.js
224 silly gunzTarPerm modified mode [ 'through2.js', 436, 420 ]
225 silly gunzTarPerm extractEntry index.js
226 silly gunzTarPerm extractEntry LICENSE
227 silly gunzTarPerm extractEntry duplex.js
228 silly gunzTarPerm extractEntry writable.js
229 silly gunzTarPerm extractEntry passthrough.js
230 silly gunzTarPerm extractEntry readable.js
231 silly gunzTarPerm extractEntry transform.js
232 silly gunzTarPerm extractEntry lib/_stream_duplex.js
233 silly gunzTarPerm extractEntry lib/_stream_passthrough.js
234 silly gunzTarPerm extractEntry lib/_stream_readable.js
235 silly gunzTarPerm extractEntry lib/_stream_transform.js
236 silly gunzTarPerm extractEntry lib/_stream_writable.js
237 silly gentlyRm /home/pancakemutiny/Desktop/collegeProjects/bankingApplication/node_modules/.staging/gulp-concat-6bb42161/node_modules is being purged
238 verbose gentlyRm don't care about contents; nuking /home/pancakemutiny/Desktop/collegeProjects/bankingApplication/node_modules/.staging/gulp-concat-6bb42161/node_modules
239 silly gentlyRm /home/pancakemutiny/Desktop/collegeProjects/bankingApplication/node_modules/.staging/through2-b54294f7/node_modules is being purged
240 verbose gentlyRm don't care about contents; nuking /home/pancakemutiny/Desktop/collegeProjects/bankingApplication/node_modules/.staging/through2-b54294f7/node_modules
241 silly gentlyRm /home/pancakemutiny/Desktop/collegeProjects/bankingApplication/node_modules/.staging/readable-stream-907cdf7c/node_modules is being purged
242 verbose gentlyRm don't care about contents; nuking /home/pancakemutiny/Desktop/collegeProjects/bankingApplication/node_modules/.staging/readable-stream-907cdf7c/node_modules
243 silly doParallel preinstall 3
244 silly preinstall readable-stream@1.0.34 /home/pancakemutiny/Desktop/collegeProjects/bankingApplication/node_modules/.staging/readable-stream-907cdf7c
245 info lifecycle readable-stream@1.0.34~preinstall: readable-stream@1.0.34
246 silly preinstall through2@0.6.5 /home/pancakemutiny/Desktop/collegeProjects/bankingApplication/node_modules/.staging/through2-b54294f7
247 info lifecycle through2@0.6.5~preinstall: through2@0.6.5
248 silly preinstall gulp-concat@2.6.0 /home/pancakemutiny/Desktop/collegeProjects/bankingApplication/node_modules/.staging/gulp-concat-6bb42161
249 info lifecycle gulp-concat@2.6.0~preinstall: gulp-concat@2.6.0
250 silly lifecycle readable-stream@1.0.34~preinstall: no script for preinstall, continuing
251 silly lifecycle through2@0.6.5~preinstall: no script for preinstall, continuing
252 silly lifecycle gulp-concat@2.6.0~preinstall: no script for preinstall, continuing
253 silly doReverseSerial remove 0
254 silly doSerial move 0
255 silly doSerial finalize 3
256 silly finalize /home/pancakemutiny/Desktop/collegeProjects/bankingApplication/node_modules/gulp-concat/node_modules/readable-stream
257 silly finalize /home/pancakemutiny/Desktop/collegeProjects/bankingApplication/node_modules/gulp-concat/node_modules/through2
258 silly finalize /home/pancakemutiny/Desktop/collegeProjects/bankingApplication/node_modules/gulp-concat
259 verbose unlock done using /home/pancakemutiny/.npm/_locks/staging-bd0947f5c331a5e1.lock for /home/pancakemutiny/Desktop/collegeProjects/bankingApplication/node_modules/.staging
260 silly rollbackFailedOptional Starting
261 silly rollbackFailedOptional Finishing
262 silly runTopLevelLifecycles Finishing
263 silly install printInstalled
264 warn app@1.1.1 No repository field.
265 verbose If you need help, you may report this error at:
265 verbose     <https://github.com/npm/npm/issues>
266 warn app@1.1.1 No license field.
267 verbose If you need help, you may report this error at:
267 verbose     <https://github.com/npm/npm/issues>
268 verbose stack Error: ENOTEMPTY: directory not empty, rename '/home/pancakemutiny/Desktop/collegeProjects/bankingApplication/node_modules/gulp-concat' -> '/home/pancakemutiny/Desktop/collegeProjects/bankingApplication/node_modules/.gulp-concat.DELETE'
268 verbose stack     at moveAway (/usr/lib/node_modules/npm/lib/install/action/finalize.js:38:5)
268 verbose stack     at destStatted (/usr/lib/node_modules/npm/lib/install/action/finalize.js:27:7)
268 verbose stack     at FSReqWrap.oncomplete (fs.js:123:15)
268 verbose stack
268 verbose stack Error: ENOTEMPTY: directory not empty, rename '/home/pancakemutiny/Desktop/collegeProjects/bankingApplication/node_modules/gulp-concat' -> '/home/pancakemutiny/Desktop/collegeProjects/bankingApplication/node_modules/.gulp-concat.DELETE'
268 verbose stack     at Error (native)
269 verbose cwd /home/pancakemutiny/Desktop/collegeProjects/bankingApplication
270 error Linux 4.4.0-45-generic
271 error argv "/usr/bin/nodejs" "/usr/bin/npm" "install" "gulp-concat"
272 error node v6.9.1
273 error npm  v3.10.8
274 error path /home/pancakemutiny/Desktop/collegeProjects/bankingApplication/node_modules/gulp-concat
275 error code ENOTEMPTY
276 error errno -39
277 error syscall rename
278 error ENOTEMPTY: directory not empty, rename '/home/pancakemutiny/Desktop/collegeProjects/bankingApplication/node_modules/gulp-concat' -> '/home/pancakemutiny/Desktop/collegeProjects/bankingApplication/node_modules/.gulp-concat.DELETE'
279 error If you need help, you may report this error at:
279 error     <https://github.com/npm/npm/issues>
280 verbose exit [ -39, true ]
